Sun Oct 01 2017 18:15:14 GMT+0200 (CEST) : 0 nouvelles annonces Crédit Agricole
Sun Oct 01 2017 18:15:23 GMT+0200 (CEST) : 0 nouvelles annonces SwissLife
Sun Oct 01 2017 18:30:34 GMT+0200 (CEST) : 0 nouvelles annonces Crédit Agricole
Sun Oct 01 2017 18:30:45 GMT+0200 (CEST) : 0 nouvelles annonces SwissLife
Sun Oct 01 2017 20:21:02 GMT+0200 (CEST) : 0 nouvelles annonces Crédit Agricole
Sun Oct 01 2017 20:21:10 GMT+0200 (CEST) : 0 nouvelles annonces SwissLife
Sun Oct 01 2017 20:21:17 GMT+0200 (CEST) : 0 nouvelles annonces Agence Pereire
Sun Oct 01 2017 20:36:28 GMT+0200 (CEST) : 0 nouvelles annonces Crédit Agricole
Sun Oct 01 2017 20:36:35 GMT+0200 (CEST) : 0 nouvelles annonces SwissLife
Sun Oct 01 2017 20:36:41 GMT+0200 (CEST) : 0 nouvelles annonces Agence Pereire
Sun Oct 01 2017 20:51:53 GMT+0200 (CEST) : 0 nouvelles annonces Crédit Agricole
Sun Oct 01 2017 20:52:03 GMT+0200 (CEST) : 0 nouvelles annonces SwissLife
Sun Oct 01 2017 20:52:10 GMT+0200 (CEST) : 0 nouvelles annonces Agence Pereire
Sun Oct 01 2017 22:07:15 GMT+0200 (CEST) : 0 nouvelles annonces Crédit Agricole
Sun Oct 01 2017 22:07:24 GMT+0200 (CEST) : 0 nouvelles annonces SwissLife
Sun Oct 01 2017 22:07:30 GMT+0200 (CEST) : 0 nouvelles annonces Agence Pereire
Mon Oct 02 2017 05:47:19 GMT+0200 (CEST) : 0 nouvelles annonces Crédit Agricole
Mon Oct 02 2017 05:47:26 GMT+0200 (CEST) : 0 nouvelles annonces SwissLife
Mon Oct 02 2017 05:47:32 GMT+0200 (CEST) : 0 nouvelles annonces Agence Pereire
Mon Oct 02 2017 08:24:09 GMT+0200 (CEST) : 0 nouvelles annonces Crédit Agricole
Mon Oct 02 2017 08:24:36 GMT+0200 (CEST) : 0 nouvelles annonces SwissLife
Mon Oct 02 2017 08:24:47 GMT+0200 (CEST) : 0 nouvelles annonces Agence Pereire
[37;41;1mCasperError: Errors encountered while filling form: form not found              [0m
  /Users/romain/Bots/phantomjs:/platform/casper.js:[33m873[0m in [36mfillForm[0m
  /Users/romain/Bots/phantomjs:/platform/casper.js:[33m936[0m in [36mfillNames[0m
  /Users/romain/Bots/phantomjs:/code/annonces-ca-immo.js:[33m24[0m
  /Users/romain/Bots/phantomjs:/platform/casper.js:[33m1685[0m in [36mrunStep[0m
  /Users/romain/Bots/phantomjs:/platform/casper.js:[33m414[0m in [36mcheckStep[0m
Mon Oct 02 2017 10:05:57 GMT+0200 (CEST) : 0 nouvelles annonces SwissLife
Thu Oct 05 2017 13:31:12 GMT+0200 (CEST) : 1 nouvelles annonces Crédit Agricole
Thu Oct 05 2017 13:31:35 GMT+0200 (CEST) : 10 nouvelles annonces SwissLife
Thu Oct 05 2017 13:31:54 GMT+0200 (CEST) : 2 nouvelles annonces Agence Pereire
{ id: '<20171005113158.125992.5DF3478C8E1CF323@mail.bioub.com>',
  message: 'Queued. Thank you.' }
Thu Oct 05 2017 13:47:10 GMT+0200 (CEST) : 0 nouvelles annonces Crédit Agricole
Thu Oct 05 2017 13:47:27 GMT+0200 (CEST) : 0 nouvelles annonces SwissLife
Thu Oct 05 2017 13:47:38 GMT+0200 (CEST) : 0 nouvelles annonces Agence Pereire
Thu Oct 05 2017 14:02:51 GMT+0200 (CEST) : 1 nouvelles annonces Crédit Agricole
Thu Oct 05 2017 14:03:06 GMT+0200 (CEST) : 0 nouvelles annonces SwissLife
Thu Oct 05 2017 14:03:14 GMT+0200 (CEST) : 0 nouvelles annonces Agence Pereire
Thu Oct 05 2017 14:18:25 GMT+0200 (CEST) : 0 nouvelles annonces Crédit Agricole
Thu Oct 05 2017 14:18:38 GMT+0200 (CEST) : 0 nouvelles annonces SwissLife
Thu Oct 05 2017 14:18:50 GMT+0200 (CEST) : 0 nouvelles annonces Agence Pereire
Thu Oct 05 2017 14:34:01 GMT+0200 (CEST) : 0 nouvelles annonces Crédit Agricole
Thu Oct 05 2017 14:34:10 GMT+0200 (CEST) : 0 nouvelles annonces SwissLife
Thu Oct 05 2017 14:34:15 GMT+0200 (CEST) : 0 nouvelles annonces Agence Pereire
Thu Oct 05 2017 14:49:25 GMT+0200 (CEST) : 0 nouvelles annonces Crédit Agricole
Thu Oct 05 2017 14:49:35 GMT+0200 (CEST) : 0 nouvelles annonces SwissLife
Thu Oct 05 2017 14:49:41 GMT+0200 (CEST) : 0 nouvelles annonces Agence Pereire
Thu Oct 05 2017 15:04:55 GMT+0200 (CEST) : 0 nouvelles annonces Crédit Agricole
Thu Oct 05 2017 15:05:08 GMT+0200 (CEST) : 0 nouvelles annonces SwissLife
Thu Oct 05 2017 15:05:15 GMT+0200 (CEST) : 0 nouvelles annonces Agence Pereire
Thu Oct 05 2017 15:20:28 GMT+0200 (CEST) : 0 nouvelles annonces Crédit Agricole
Thu Oct 05 2017 15:20:42 GMT+0200 (CEST) : 0 nouvelles annonces SwissLife
Thu Oct 05 2017 15:20:49 GMT+0200 (CEST) : 0 nouvelles annonces Agence Pereire
Thu Oct 05 2017 15:36:02 GMT+0200 (CEST) : 0 nouvelles annonces Crédit Agricole
Thu Oct 05 2017 15:36:22 GMT+0200 (CEST) : 0 nouvelles annonces SwissLife
Thu Oct 05 2017 15:36:34 GMT+0200 (CEST) : 0 nouvelles annonces Agence Pereire
Thu Oct 05 2017 15:51:56 GMT+0200 (CEST) : 0 nouvelles annonces Crédit Agricole
Thu Oct 05 2017 15:52:12 GMT+0200 (CEST) : 0 nouvelles annonces SwissLife
Thu Oct 05 2017 15:52:18 GMT+0200 (CEST) : 0 nouvelles annonces Agence Pereire
Thu Oct 05 2017 17:51:44 GMT+0200 (CEST) : 0 nouvelles annonces Crédit Agricole
Thu Oct 05 2017 17:52:00 GMT+0200 (CEST) : 0 nouvelles annonces SwissLife
Thu Oct 05 2017 17:52:10 GMT+0200 (CEST) : 0 nouvelles annonces Agence Pereire
Thu Oct 05 2017 18:07:25 GMT+0200 (CEST) : 0 nouvelles annonces Crédit Agricole
Thu Oct 05 2017 18:07:41 GMT+0200 (CEST) : 0 nouvelles annonces SwissLife
Thu Oct 05 2017 18:07:46 GMT+0200 (CEST) : 0 nouvelles annonces Agence Pereire
Thu Oct 05 2017 18:22:58 GMT+0200 (CEST) : 0 nouvelles annonces Crédit Agricole
Thu Oct 05 2017 18:23:14 GMT+0200 (CEST) : 0 nouvelles annonces SwissLife
Thu Oct 05 2017 18:23:19 GMT+0200 (CEST) : 0 nouvelles annonces Agence Pereire
Thu Oct 05 2017 18:38:35 GMT+0200 (CEST) : 0 nouvelles annonces Crédit Agricole
Thu Oct 05 2017 18:38:43 GMT+0200 (CEST) : 0 nouvelles annonces SwissLife
Thu Oct 05 2017 18:38:46 GMT+0200 (CEST) : 0 nouvelles annonces Agence Pereire
Thu Oct 05 2017 18:54:03 GMT+0200 (CEST) : 0 nouvelles annonces Crédit Agricole
Thu Oct 05 2017 18:54:14 GMT+0200 (CEST) : 0 nouvelles annonces SwissLife
Thu Oct 05 2017 18:54:17 GMT+0200 (CEST) : 0 nouvelles annonces Agence Pereire
Thu Oct 05 2017 19:09:39 GMT+0200 (CEST) : 0 nouvelles annonces Crédit Agricole
Thu Oct 05 2017 19:09:47 GMT+0200 (CEST) : 0 nouvelles annonces SwissLife
Thu Oct 05 2017 19:09:52 GMT+0200 (CEST) : 0 nouvelles annonces Agence Pereire
Thu Oct 05 2017 19:25:14 GMT+0200 (CEST) : 0 nouvelles annonces Crédit Agricole
Thu Oct 05 2017 19:25:22 GMT+0200 (CEST) : 0 nouvelles annonces SwissLife
Sat Oct 07 2017 12:18:53 GMT+0200 (CEST) : 1 nouvelles annonces Crédit Agricole
Sat Oct 07 2017 12:19:04 GMT+0200 (CEST) : 0 nouvelles annonces SwissLife
Sat Oct 07 2017 12:19:11 GMT+0200 (CEST) : 0 nouvelles annonces Agence Pereire
Sat Oct 07 2017 12:34:22 GMT+0200 (CEST) : 0 nouvelles annonces Crédit Agricole
Sat Oct 07 2017 12:34:33 GMT+0200 (CEST) : 0 nouvelles annonces SwissLife
Sat Oct 07 2017 12:34:40 GMT+0200 (CEST) : 0 nouvelles annonces Agence Pereire
Sat Oct 07 2017 12:49:50 GMT+0200 (CEST) : 0 nouvelles annonces Crédit Agricole
Sat Oct 07 2017 12:49:57 GMT+0200 (CEST) : 0 nouvelles annonces SwissLife
Sat Oct 07 2017 12:50:02 GMT+0200 (CEST) : 0 nouvelles annonces Agence Pereire
Sat Oct 07 2017 13:05:23 GMT+0200 (CEST) : 0 nouvelles annonces Crédit Agricole
Sat Oct 07 2017 13:05:31 GMT+0200 (CEST) : 0 nouvelles annonces SwissLife
Sat Oct 07 2017 13:05:36 GMT+0200 (CEST) : 0 nouvelles annonces Agence Pereire
Sat Oct 07 2017 13:20:48 GMT+0200 (CEST) : 0 nouvelles annonces Crédit Agricole
Sat Oct 07 2017 13:20:58 GMT+0200 (CEST) : 0 nouvelles annonces SwissLife
Sat Oct 07 2017 13:21:04 GMT+0200 (CEST) : 0 nouvelles annonces Agence Pereire
Sat Oct 07 2017 13:36:16 GMT+0200 (CEST) : 0 nouvelles annonces Crédit Agricole
Sat Oct 07 2017 13:36:27 GMT+0200 (CEST) : 0 nouvelles annonces SwissLife
Sat Oct 07 2017 13:36:33 GMT+0200 (CEST) : 0 nouvelles annonces Agence Pereire
Sat Oct 07 2017 17:10:24 GMT+0200 (CEST) : 0 nouvelles annonces Crédit Agricole
Sat Oct 07 2017 17:10:32 GMT+0200 (CEST) : 0 nouvelles annonces SwissLife
Sat Oct 07 2017 17:10:46 GMT+0200 (CEST) : 0 nouvelles annonces Agence Pereire
Sat Oct 07 2017 17:39:44 GMT+0200 (CEST) : 0 nouvelles annonces Crédit Agricole
Sat Oct 07 2017 17:39:51 GMT+0200 (CEST) : 0 nouvelles annonces SwissLife
Sat Oct 07 2017 17:39:56 GMT+0200 (CEST) : 0 nouvelles annonces Agence Pereire
Sat Oct 07 2017 17:55:10 GMT+0200 (CEST) : 0 nouvelles annonces Crédit Agricole
Sat Oct 07 2017 17:55:20 GMT+0200 (CEST) : 0 nouvelles annonces SwissLife
Sat Oct 07 2017 17:55:24 GMT+0200 (CEST) : 0 nouvelles annonces Agence Pereire
Sat Oct 07 2017 18:10:38 GMT+0200 (CEST) : 0 nouvelles annonces Crédit Agricole
Sat Oct 07 2017 18:10:47 GMT+0200 (CEST) : 0 nouvelles annonces SwissLife
Sat Oct 07 2017 18:10:55 GMT+0200 (CEST) : 0 nouvelles annonces Agence Pereire
Sat Oct 07 2017 18:26:06 GMT+0200 (CEST) : 0 nouvelles annonces Crédit Agricole
Sat Oct 07 2017 18:26:18 GMT+0200 (CEST) : 0 nouvelles annonces SwissLife
Sat Oct 07 2017 18:26:22 GMT+0200 (CEST) : 0 nouvelles annonces Agence Pereire
Sat Oct 07 2017 18:41:34 GMT+0200 (CEST) : 0 nouvelles annonces Crédit Agricole
Sat Oct 07 2017 18:41:44 GMT+0200 (CEST) : 0 nouvelles annonces SwissLife
Sat Oct 07 2017 18:41:48 GMT+0200 (CEST) : 0 nouvelles annonces Agence Pereire
Sat Oct 07 2017 18:57:00 GMT+0200 (CEST) : 0 nouvelles annonces Crédit Agricole
Sat Oct 07 2017 18:57:10 GMT+0200 (CEST) : 0 nouvelles annonces SwissLife
Sat Oct 07 2017 18:57:24 GMT+0200 (CEST) : 0 nouvelles annonces Agence Pereire
Sat Oct 07 2017 19:12:35 GMT+0200 (CEST) : 0 nouvelles annonces Crédit Agricole
Sat Oct 07 2017 19:12:46 GMT+0200 (CEST) : 0 nouvelles annonces SwissLife
Sat Oct 07 2017 19:12:50 GMT+0200 (CEST) : 0 nouvelles annonces Agence Pereire
Sat Oct 07 2017 20:34:29 GMT+0200 (CEST) : 0 nouvelles annonces Crédit Agricole
Sat Oct 07 2017 20:34:35 GMT+0200 (CEST) : 0 nouvelles annonces SwissLife
Sat Oct 07 2017 20:34:40 GMT+0200 (CEST) : 0 nouvelles annonces Agence Pereire
Sat Oct 07 2017 21:49:43 GMT+0200 (CEST) : 0 nouvelles annonces Crédit Agricole
Sat Oct 07 2017 21:49:52 GMT+0200 (CEST) : 0 nouvelles annonces SwissLife
Sat Oct 07 2017 21:49:56 GMT+0200 (CEST) : 0 nouvelles annonces Agence Pereire
Sun Oct 08 2017 01:04:42 GMT+0200 (CEST) : 0 nouvelles annonces Crédit Agricole
Sun Oct 08 2017 01:04:49 GMT+0200 (CEST) : 0 nouvelles annonces SwissLife
Sun Oct 08 2017 01:04:57 GMT+0200 (CEST) : 0 nouvelles annonces Agence Pereire
Sun Oct 08 2017 03:19:54 GMT+0200 (CEST) : 0 nouvelles annonces Crédit Agricole
Sun Oct 08 2017 03:20:06 GMT+0200 (CEST) : 0 nouvelles annonces SwissLife
Sun Oct 08 2017 03:20:11 GMT+0200 (CEST) : 0 nouvelles annonces Agence Pereire
Sun Oct 08 2017 07:34:52 GMT+0200 (CEST) : 0 nouvelles annonces Crédit Agricole
Sun Oct 08 2017 07:35:04 GMT+0200 (CEST) : 0 nouvelles annonces SwissLife
Sun Oct 08 2017 07:35:10 GMT+0200 (CEST) : 0 nouvelles annonces Agence Pereire
Sun Oct 08 2017 11:49:57 GMT+0200 (CEST) : 0 nouvelles annonces Crédit Agricole
Sun Oct 08 2017 11:50:05 GMT+0200 (CEST) : 0 nouvelles annonces SwissLife
Sun Oct 08 2017 11:50:12 GMT+0200 (CEST) : 0 nouvelles annonces Agence Pereire
Sun Oct 08 2017 17:41:42 GMT+0200 (CEST) : 0 nouvelles annonces Crédit Agricole
Sun Oct 08 2017 17:41:51 GMT+0200 (CEST) : 0 nouvelles annonces SwissLife
Sun Oct 08 2017 17:42:11 GMT+0200 (CEST) : 0 nouvelles annonces Agence Pereire
Sun Oct 08 2017 17:57:24 GMT+0200 (CEST) : 0 nouvelles annonces Crédit Agricole
Sun Oct 08 2017 17:57:30 GMT+0200 (CEST) : 0 nouvelles annonces SwissLife
Sun Oct 08 2017 17:57:43 GMT+0200 (CEST) : 0 nouvelles annonces Agence Pereire
Sun Oct 08 2017 18:12:54 GMT+0200 (CEST) : 0 nouvelles annonces Crédit Agricole
Sun Oct 08 2017 18:13:01 GMT+0200 (CEST) : 0 nouvelles annonces SwissLife
Sun Oct 08 2017 18:13:07 GMT+0200 (CEST) : 0 nouvelles annonces Agence Pereire
Sun Oct 08 2017 19:00:01 GMT+0200 (CEST) : 0 nouvelles annonces Crédit Agricole
Sun Oct 08 2017 19:00:10 GMT+0200 (CEST) : 0 nouvelles annonces SwissLife
Sun Oct 08 2017 19:00:15 GMT+0200 (CEST) : 0 nouvelles annonces Agence Pereire
Sun Oct 08 2017 19:15:27 GMT+0200 (CEST) : 0 nouvelles annonces Crédit Agricole
Sun Oct 08 2017 19:15:42 GMT+0200 (CEST) : 0 nouvelles annonces SwissLife
Sun Oct 08 2017 19:15:51 GMT+0200 (CEST) : 0 nouvelles annonces Agence Pereire
Sun Oct 08 2017 19:31:05 GMT+0200 (CEST) : 0 nouvelles annonces Crédit Agricole
Sun Oct 08 2017 19:31:15 GMT+0200 (CEST) : 0 nouvelles annonces SwissLife
Sun Oct 08 2017 19:31:19 GMT+0200 (CEST) : 0 nouvelles annonces Agence Pereire
Sun Oct 08 2017 19:46:29 GMT+0200 (CEST) : 0 nouvelles annonces Crédit Agricole
Sun Oct 08 2017 19:46:36 GMT+0200 (CEST) : 0 nouvelles annonces SwissLife
Sun Oct 08 2017 19:46:43 GMT+0200 (CEST) : 0 nouvelles annonces Agence Pereire
Sun Oct 08 2017 20:01:53 GMT+0200 (CEST) : 0 nouvelles annonces Crédit Agricole
Sun Oct 08 2017 20:01:59 GMT+0200 (CEST) : 0 nouvelles annonces SwissLife
Sun Oct 08 2017 20:02:06 GMT+0200 (CEST) : 0 nouvelles annonces Agence Pereire
Sun Oct 08 2017 20:17:17 GMT+0200 (CEST) : 0 nouvelles annonces Crédit Agricole
Sun Oct 08 2017 20:17:23 GMT+0200 (CEST) : 0 nouvelles annonces SwissLife
Sun Oct 08 2017 20:17:28 GMT+0200 (CEST) : 0 nouvelles annonces Agence Pereire
Sun Oct 08 2017 20:32:40 GMT+0200 (CEST) : 0 nouvelles annonces Crédit Agricole
Sun Oct 08 2017 20:32:52 GMT+0200 (CEST) : 0 nouvelles annonces SwissLife
Sun Oct 08 2017 20:32:58 GMT+0200 (CEST) : 0 nouvelles annonces Agence Pereire
Sun Oct 08 2017 20:48:13 GMT+0200 (CEST) : 0 nouvelles annonces Crédit Agricole
Sun Oct 08 2017 20:48:20 GMT+0200 (CEST) : 0 nouvelles annonces SwissLife
Sun Oct 08 2017 20:48:27 GMT+0200 (CEST) : 0 nouvelles annonces Agence Pereire
Sun Oct 08 2017 23:03:25 GMT+0200 (CEST) : 0 nouvelles annonces Crédit Agricole
Sun Oct 08 2017 23:03:35 GMT+0200 (CEST) : 0 nouvelles annonces SwissLife
Sun Oct 08 2017 23:03:37 GMT+0200 (CEST) : 0 nouvelles annonces Agence Pereire
Mon Oct 09 2017 00:18:42 GMT+0200 (CEST) : 0 nouvelles annonces Crédit Agricole
Mon Oct 09 2017 00:18:49 GMT+0200 (CEST) : 0 nouvelles annonces SwissLife
Mon Oct 09 2017 00:18:53 GMT+0200 (CEST) : 0 nouvelles annonces Agence Pereire
Mon Oct 09 2017 03:33:41 GMT+0200 (CEST) : 0 nouvelles annonces Crédit Agricole
Mon Oct 09 2017 03:33:48 GMT+0200 (CEST) : 0 nouvelles annonces SwissLife
Mon Oct 09 2017 03:33:54 GMT+0200 (CEST) : 0 nouvelles annonces Agence Pereire
Mon Oct 09 2017 07:48:36 GMT+0200 (CEST) : 0 nouvelles annonces Crédit Agricole
Mon Oct 09 2017 07:48:47 GMT+0200 (CEST) : 0 nouvelles annonces SwissLife
Mon Oct 09 2017 07:48:52 GMT+0200 (CEST) : 0 nouvelles annonces Agence Pereire
Mon Oct 09 2017 08:27:55 GMT+0200 (CEST) : 0 nouvelles annonces Crédit Agricole
Mon Oct 09 2017 08:28:02 GMT+0200 (CEST) : 0 nouvelles annonces SwissLife
Mon Oct 09 2017 08:28:09 GMT+0200 (CEST) : 0 nouvelles annonces Agence Pereire
[37;41;1mCasperError: Errors encountered while filling form: form not found              [0m
  /Users/romain/Bots/phantomjs:/platform/casper.js:[33m873[0m in [36mfillForm[0m
  /Users/romain/Bots/phantomjs:/platform/casper.js:[33m936[0m in [36mfillNames[0m
  /Users/romain/Bots/phantomjs:/code/annonces-ca-immo.js:[33m24[0m
  /Users/romain/Bots/phantomjs:/platform/casper.js:[33m1685[0m in [36mrunStep[0m
  /Users/romain/Bots/phantomjs:/platform/casper.js:[33m414[0m in [36mcheckStep[0m
Mon Oct 09 2017 09:48:00 GMT+0200 (CEST) : 0 nouvelles annonces SwissLife
Tue Oct 10 2017 19:52:06 GMT+0200 (CEST) : 0 nouvelles annonces Crédit Agricole
Tue Oct 10 2017 19:52:16 GMT+0200 (CEST) : 10 nouvelles annonces SwissLife
Tue Oct 10 2017 19:52:24 GMT+0200 (CEST) : 0 nouvelles annonces Agence Pereire
Tue Oct 10 2017 20:07:35 GMT+0200 (CEST) : 0 nouvelles annonces Crédit Agricole
Tue Oct 10 2017 20:07:42 GMT+0200 (CEST) : 0 nouvelles annonces SwissLife
Tue Oct 10 2017 20:07:49 GMT+0200 (CEST) : 0 nouvelles annonces Agence Pereire
Tue Oct 10 2017 20:23:02 GMT+0200 (CEST) : 0 nouvelles annonces Crédit Agricole
Tue Oct 10 2017 20:23:13 GMT+0200 (CEST) : 0 nouvelles annonces SwissLife
Tue Oct 10 2017 20:23:18 GMT+0200 (CEST) : 0 nouvelles annonces Agence Pereire
Tue Oct 10 2017 20:38:34 GMT+0200 (CEST) : 0 nouvelles annonces Crédit Agricole
Tue Oct 10 2017 20:38:44 GMT+0200 (CEST) : 0 nouvelles annonces SwissLife
Tue Oct 10 2017 20:38:48 GMT+0200 (CEST) : 0 nouvelles annonces Agence Pereire
Tue Oct 10 2017 20:54:06 GMT+0200 (CEST) : 0 nouvelles annonces Crédit Agricole
Tue Oct 10 2017 20:54:15 GMT+0200 (CEST) : 0 nouvelles annonces SwissLife
Tue Oct 10 2017 20:54:21 GMT+0200 (CEST) : 0 nouvelles annonces Agence Pereire
Tue Oct 10 2017 21:09:33 GMT+0200 (CEST) : 0 nouvelles annonces Crédit Agricole
Tue Oct 10 2017 21:09:43 GMT+0200 (CEST) : 0 nouvelles annonces SwissLife
Tue Oct 10 2017 21:09:47 GMT+0200 (CEST) : 0 nouvelles annonces Agence Pereire
Tue Oct 10 2017 21:25:02 GMT+0200 (CEST) : 0 nouvelles annonces Crédit Agricole
Tue Oct 10 2017 21:25:11 GMT+0200 (CEST) : 0 nouvelles annonces SwissLife
Tue Oct 10 2017 21:25:21 GMT+0200 (CEST) : 0 nouvelles annonces Agence Pereire
Tue Oct 10 2017 21:40:34 GMT+0200 (CEST) : 0 nouvelles annonces Crédit Agricole
Tue Oct 10 2017 21:40:45 GMT+0200 (CEST) : 0 nouvelles annonces SwissLife
Tue Oct 10 2017 21:40:50 GMT+0200 (CEST) : 0 nouvelles annonces Agence Pereire
Tue Oct 10 2017 21:56:03 GMT+0200 (CEST) : 0 nouvelles annonces Crédit Agricole
Tue Oct 10 2017 21:56:12 GMT+0200 (CEST) : 0 nouvelles annonces SwissLife
Tue Oct 10 2017 21:56:19 GMT+0200 (CEST) : 0 nouvelles annonces Agence Pereire
Tue Oct 10 2017 22:11:33 GMT+0200 (CEST) : 0 nouvelles annonces Crédit Agricole
Tue Oct 10 2017 22:11:41 GMT+0200 (CEST) : 0 nouvelles annonces SwissLife
Tue Oct 10 2017 22:11:46 GMT+0200 (CEST) : 0 nouvelles annonces Agence Pereire
Tue Oct 10 2017 22:26:58 GMT+0200 (CEST) : 0 nouvelles annonces Crédit Agricole
Tue Oct 10 2017 22:27:08 GMT+0200 (CEST) : 0 nouvelles annonces SwissLife
Tue Oct 10 2017 22:27:13 GMT+0200 (CEST) : 0 nouvelles annonces Agence Pereire
Tue Oct 10 2017 22:42:26 GMT+0200 (CEST) : 0 nouvelles annonces Crédit Agricole
Tue Oct 10 2017 22:42:36 GMT+0200 (CEST) : 0 nouvelles annonces SwissLife
Tue Oct 10 2017 22:42:40 GMT+0200 (CEST) : 0 nouvelles annonces Agence Pereire
Tue Oct 10 2017 22:57:52 GMT+0200 (CEST) : 0 nouvelles annonces Crédit Agricole
Tue Oct 10 2017 22:58:03 GMT+0200 (CEST) : 0 nouvelles annonces SwissLife
Tue Oct 10 2017 22:58:06 GMT+0200 (CEST) : 0 nouvelles annonces Agence Pereire
Tue Oct 10 2017 23:33:21 GMT+0200 (CEST) : 0 nouvelles annonces Crédit Agricole
Tue Oct 10 2017 23:33:42 GMT+0200 (CEST) : 0 nouvelles annonces SwissLife
Tue Oct 10 2017 23:34:01 GMT+0200 (CEST) : 0 nouvelles annonces Agence Pereire
Wed Oct 11 2017 08:47:57 GMT+0200 (CEST) : 0 nouvelles annonces Crédit Agricole
Wed Oct 11 2017 08:48:07 GMT+0200 (CEST) : 0 nouvelles annonces SwissLife
Wed Oct 11 2017 08:48:12 GMT+0200 (CEST) : 0 nouvelles annonces Agence Pereire
Wed Oct 11 2017 09:54:51 GMT+0200 (CEST) : 0 nouvelles annonces Crédit Agricole
Wed Oct 11 2017 09:54:59 GMT+0200 (CEST) : 0 nouvelles annonces SwissLife
Wed Oct 11 2017 09:55:03 GMT+0200 (CEST) : 0 nouvelles annonces Agence Pereire
Wed Oct 11 2017 10:10:23 GMT+0200 (CEST) : 0 nouvelles annonces Crédit Agricole
Wed Oct 11 2017 10:10:45 GMT+0200 (CEST) : 0 nouvelles annonces SwissLife
Wed Oct 11 2017 10:10:52 GMT+0200 (CEST) : 0 nouvelles annonces Agence Pereire
Wed Oct 11 2017 10:26:19 GMT+0200 (CEST) : 0 nouvelles annonces Crédit Agricole
Wed Oct 11 2017 10:26:31 GMT+0200 (CEST) : 0 nouvelles annonces SwissLife
Wed Oct 11 2017 10:26:35 GMT+0200 (CEST) : 0 nouvelles annonces Agence Pereire
Wed Oct 11 2017 10:41:48 GMT+0200 (CEST) : 0 nouvelles annonces Crédit Agricole
Wed Oct 11 2017 10:42:04 GMT+0200 (CEST) : 0 nouvelles annonces SwissLife
Wed Oct 11 2017 10:42:08 GMT+0200 (CEST) : 0 nouvelles annonces Agence Pereire
Wed Oct 11 2017 10:57:31 GMT+0200 (CEST) : 0 nouvelles annonces Crédit Agricole
Wed Oct 11 2017 10:57:41 GMT+0200 (CEST) : 0 nouvelles annonces SwissLife
Wed Oct 11 2017 10:57:45 GMT+0200 (CEST) : 0 nouvelles annonces Agence Pereire
Wed Oct 11 2017 11:13:04 GMT+0200 (CEST) : 0 nouvelles annonces Crédit Agricole
Wed Oct 11 2017 11:13:27 GMT+0200 (CEST) : 1 nouvelles annonces SwissLife
Wed Oct 11 2017 11:13:53 GMT+0200 (CEST) : 0 nouvelles annonces Agence Pereire
Wed Oct 11 2017 11:29:18 GMT+0200 (CEST) : 0 nouvelles annonces Crédit Agricole
Wed Oct 11 2017 11:29:34 GMT+0200 (CEST) : 0 nouvelles annonces SwissLife
Wed Oct 11 2017 11:29:40 GMT+0200 (CEST) : 0 nouvelles annonces Agence Pereire
Wed Oct 11 2017 11:45:04 GMT+0200 (CEST) : 0 nouvelles annonces Crédit Agricole
Wed Oct 11 2017 11:45:15 GMT+0200 (CEST) : 0 nouvelles annonces SwissLife
Wed Oct 11 2017 11:45:21 GMT+0200 (CEST) : 0 nouvelles annonces Agence Pereire
Wed Oct 11 2017 12:00:38 GMT+0200 (CEST) : 0 nouvelles annonces Crédit Agricole
Wed Oct 11 2017 12:00:49 GMT+0200 (CEST) : 0 nouvelles annonces SwissLife
Wed Oct 11 2017 12:00:53 GMT+0200 (CEST) : 0 nouvelles annonces Agence Pereire
Wed Oct 11 2017 12:16:59 GMT+0200 (CEST) : 0 nouvelles annonces Crédit Agricole
Wed Oct 11 2017 12:17:15 GMT+0200 (CEST) : 0 nouvelles annonces SwissLife
Wed Oct 11 2017 12:17:21 GMT+0200 (CEST) : 0 nouvelles annonces Agence Pereire
Wed Oct 11 2017 12:32:35 GMT+0200 (CEST) : 0 nouvelles annonces Crédit Agricole
Wed Oct 11 2017 12:32:57 GMT+0200 (CEST) : 0 nouvelles annonces SwissLife
Wed Oct 11 2017 12:33:09 GMT+0200 (CEST) : 0 nouvelles annonces Agence Pereire
Wed Oct 11 2017 12:48:28 GMT+0200 (CEST) : 0 nouvelles annonces Crédit Agricole
Wed Oct 11 2017 12:48:44 GMT+0200 (CEST) : 0 nouvelles annonces SwissLife
Wed Oct 11 2017 12:48:53 GMT+0200 (CEST) : 0 nouvelles annonces Agence Pereire
Wed Oct 11 2017 13:04:19 GMT+0200 (CEST) : 0 nouvelles annonces Crédit Agricole
Wed Oct 11 2017 13:05:29 GMT+0200 (CEST) : 0 nouvelles annonces SwissLife
Wed Oct 11 2017 13:05:46 GMT+0200 (CEST) : 0 nouvelles annonces Agence Pereire
Wed Oct 11 2017 13:21:02 GMT+0200 (CEST) : 0 nouvelles annonces Crédit Agricole
Wed Oct 11 2017 13:21:15 GMT+0200 (CEST) : 0 nouvelles annonces SwissLife
Wed Oct 11 2017 13:21:22 GMT+0200 (CEST) : 0 nouvelles annonces Agence Pereire
Wed Oct 11 2017 13:36:41 GMT+0200 (CEST) : 0 nouvelles annonces Crédit Agricole
Wed Oct 11 2017 13:36:58 GMT+0200 (CEST) : 0 nouvelles annonces SwissLife
Wed Oct 11 2017 13:37:09 GMT+0200 (CEST) : 0 nouvelles annonces Agence Pereire
Wed Oct 11 2017 13:52:24 GMT+0200 (CEST) : 0 nouvelles annonces Crédit Agricole
Wed Oct 11 2017 13:52:42 GMT+0200 (CEST) : 0 nouvelles annonces SwissLife
Wed Oct 11 2017 13:52:53 GMT+0200 (CEST) : 0 nouvelles annonces Agence Pereire
Wed Oct 11 2017 14:08:09 GMT+0200 (CEST) : 0 nouvelles annonces Crédit Agricole
Wed Oct 11 2017 14:08:28 GMT+0200 (CEST) : 0 nouvelles annonces SwissLife
Wed Oct 11 2017 14:08:34 GMT+0200 (CEST) : 0 nouvelles annonces Agence Pereire
Wed Oct 11 2017 14:23:57 GMT+0200 (CEST) : 0 nouvelles annonces Crédit Agricole
Wed Oct 11 2017 14:24:09 GMT+0200 (CEST) : 0 nouvelles annonces SwissLife
Wed Oct 11 2017 14:24:14 GMT+0200 (CEST) : 0 nouvelles annonces Agence Pereire
Wed Oct 11 2017 14:39:44 GMT+0200 (CEST) : 0 nouvelles annonces Crédit Agricole
Wed Oct 11 2017 14:40:04 GMT+0200 (CEST) : 0 nouvelles annonces SwissLife
Wed Oct 11 2017 14:40:20 GMT+0200 (CEST) : 0 nouvelles annonces Agence Pereire
Wed Oct 11 2017 14:55:34 GMT+0200 (CEST) : 0 nouvelles annonces Crédit Agricole
Wed Oct 11 2017 14:55:48 GMT+0200 (CEST) : 0 nouvelles annonces SwissLife
Wed Oct 11 2017 14:55:54 GMT+0200 (CEST) : 0 nouvelles annonces Agence Pereire
Wed Oct 11 2017 15:11:12 GMT+0200 (CEST) : 0 nouvelles annonces Crédit Agricole
Wed Oct 11 2017 15:11:49 GMT+0200 (CEST) : 0 nouvelles annonces SwissLife
Wed Oct 11 2017 15:12:00 GMT+0200 (CEST) : 0 nouvelles annonces Agence Pereire
Wed Oct 11 2017 15:27:18 GMT+0200 (CEST) : 0 nouvelles annonces Crédit Agricole
Wed Oct 11 2017 15:27:27 GMT+0200 (CEST) : 0 nouvelles annonces SwissLife
Wed Oct 11 2017 15:27:31 GMT+0200 (CEST) : 0 nouvelles annonces Agence Pereire
Wed Oct 11 2017 15:43:01 GMT+0200 (CEST) : 0 nouvelles annonces Crédit Agricole
Wed Oct 11 2017 15:43:28 GMT+0200 (CEST) : 0 nouvelles annonces SwissLife
Wed Oct 11 2017 15:43:40 GMT+0200 (CEST) : 0 nouvelles annonces Agence Pereire
Wed Oct 11 2017 15:58:59 GMT+0200 (CEST) : 0 nouvelles annonces Crédit Agricole
Wed Oct 11 2017 15:59:13 GMT+0200 (CEST) : 0 nouvelles annonces SwissLife
Wed Oct 11 2017 15:59:19 GMT+0200 (CEST) : 0 nouvelles annonces Agence Pereire
Wed Oct 11 2017 16:14:33 GMT+0200 (CEST) : 0 nouvelles annonces Crédit Agricole
Wed Oct 11 2017 16:14:47 GMT+0200 (CEST) : 0 nouvelles annonces SwissLife
Wed Oct 11 2017 16:14:54 GMT+0200 (CEST) : 0 nouvelles annonces Agence Pereire
Wed Oct 11 2017 16:30:16 GMT+0200 (CEST) : 0 nouvelles annonces Crédit Agricole
Wed Oct 11 2017 16:30:28 GMT+0200 (CEST) : 0 nouvelles annonces SwissLife
Wed Oct 11 2017 16:30:37 GMT+0200 (CEST) : 0 nouvelles annonces Agence Pereire
Wed Oct 11 2017 16:45:51 GMT+0200 (CEST) : 0 nouvelles annonces Crédit Agricole
Wed Oct 11 2017 16:46:05 GMT+0200 (CEST) : 0 nouvelles annonces SwissLife
Wed Oct 11 2017 16:46:13 GMT+0200 (CEST) : 0 nouvelles annonces Agence Pereire
Wed Oct 11 2017 17:01:32 GMT+0200 (CEST) : 0 nouvelles annonces Crédit Agricole
Wed Oct 11 2017 17:01:47 GMT+0200 (CEST) : 0 nouvelles annonces SwissLife
Wed Oct 11 2017 17:01:56 GMT+0200 (CEST) : 0 nouvelles annonces Agence Pereire
Wed Oct 11 2017 17:17:15 GMT+0200 (CEST) : 0 nouvelles annonces Crédit Agricole
Wed Oct 11 2017 17:17:25 GMT+0200 (CEST) : 7 nouvelles annonces SwissLife
Wed Oct 11 2017 17:17:36 GMT+0200 (CEST) : 0 nouvelles annonces Agence Pereire
Wed Oct 11 2017 17:32:54 GMT+0200 (CEST) : 0 nouvelles annonces Crédit Agricole
Wed Oct 11 2017 17:33:08 GMT+0200 (CEST) : 7 nouvelles annonces SwissLife
Wed Oct 11 2017 17:33:20 GMT+0200 (CEST) : 0 nouvelles annonces Agence Pereire
Wed Oct 11 2017 18:32:57 GMT+0200 (CEST) : 0 nouvelles annonces Crédit Agricole
Wed Oct 11 2017 18:33:10 GMT+0200 (CEST) : 0 nouvelles annonces SwissLife
Wed Oct 11 2017 18:33:18 GMT+0200 (CEST) : 0 nouvelles annonces Agence Pereire
Wed Oct 11 2017 18:48:30 GMT+0200 (CEST) : 0 nouvelles annonces Crédit Agricole
Wed Oct 11 2017 18:48:44 GMT+0200 (CEST) : 0 nouvelles annonces SwissLife
Wed Oct 11 2017 18:48:50 GMT+0200 (CEST) : 0 nouvelles annonces Agence Pereire
Wed Oct 11 2017 19:04:02 GMT+0200 (CEST) : 0 nouvelles annonces Crédit Agricole
Wed Oct 11 2017 19:04:12 GMT+0200 (CEST) : 0 nouvelles annonces SwissLife
Wed Oct 11 2017 19:04:17 GMT+0200 (CEST) : 0 nouvelles annonces Agence Pereire
Wed Oct 11 2017 19:19:29 GMT+0200 (CEST) : 0 nouvelles annonces Crédit Agricole
Wed Oct 11 2017 19:19:41 GMT+0200 (CEST) : 0 nouvelles annonces SwissLife
Wed Oct 11 2017 19:19:46 GMT+0200 (CEST) : 0 nouvelles annonces Agence Pereire
Wed Oct 11 2017 19:34:58 GMT+0200 (CEST) : 0 nouvelles annonces Crédit Agricole
Wed Oct 11 2017 19:35:08 GMT+0200 (CEST) : 0 nouvelles annonces SwissLife
Wed Oct 11 2017 19:35:12 GMT+0200 (CEST) : 0 nouvelles annonces Agence Pereire
Wed Oct 11 2017 22:35:27 GMT+0200 (CEST) : 0 nouvelles annonces Crédit Agricole
Wed Oct 11 2017 22:35:37 GMT+0200 (CEST) : 0 nouvelles annonces SwissLife
Wed Oct 11 2017 22:35:40 GMT+0200 (CEST) : 0 nouvelles annonces Agence Pereire
Wed Oct 11 2017 22:50:57 GMT+0200 (CEST) : 0 nouvelles annonces Crédit Agricole
Wed Oct 11 2017 22:51:05 GMT+0200 (CEST) : 0 nouvelles annonces SwissLife
Wed Oct 11 2017 22:51:12 GMT+0200 (CEST) : 0 nouvelles annonces Agence Pereire
Wed Oct 11 2017 23:06:26 GMT+0200 (CEST) : 0 nouvelles annonces Crédit Agricole
Wed Oct 11 2017 23:06:36 GMT+0200 (CEST) : 0 nouvelles annonces SwissLife
Wed Oct 11 2017 23:06:58 GMT+0200 (CEST) : 0 nouvelles annonces Agence Pereire
Thu Oct 12 2017 00:34:02 GMT+0200 (CEST) : 0 nouvelles annonces Crédit Agricole
Thu Oct 12 2017 00:34:14 GMT+0200 (CEST) : 0 nouvelles annonces SwissLife
Thu Oct 12 2017 00:34:18 GMT+0200 (CEST) : 0 nouvelles annonces Agence Pereire
Thu Oct 12 2017 09:21:11 GMT+0200 (CEST) : 0 nouvelles annonces Crédit Agricole
Thu Oct 12 2017 09:21:20 GMT+0200 (CEST) : 0 nouvelles annonces SwissLife
Thu Oct 12 2017 09:21:28 GMT+0200 (CEST) : 0 nouvelles annonces Agence Pereire
Thu Oct 12 2017 10:00:07 GMT+0200 (CEST) : 0 nouvelles annonces Crédit Agricole
Thu Oct 12 2017 10:00:28 GMT+0200 (CEST) : 0 nouvelles annonces SwissLife
Thu Oct 12 2017 10:00:38 GMT+0200 (CEST) : 0 nouvelles annonces Agence Pereire
Thu Oct 12 2017 10:16:02 GMT+0200 (CEST) : 0 nouvelles annonces Crédit Agricole
Thu Oct 12 2017 10:16:22 GMT+0200 (CEST) : 0 nouvelles annonces SwissLife
Thu Oct 12 2017 10:16:27 GMT+0200 (CEST) : 0 nouvelles annonces Agence Pereire
Thu Oct 12 2017 10:31:47 GMT+0200 (CEST) : 0 nouvelles annonces Crédit Agricole
Thu Oct 12 2017 10:32:03 GMT+0200 (CEST) : 0 nouvelles annonces SwissLife
Thu Oct 12 2017 10:32:11 GMT+0200 (CEST) : 0 nouvelles annonces Agence Pereire
Thu Oct 12 2017 10:47:44 GMT+0200 (CEST) : 0 nouvelles annonces Crédit Agricole
Thu Oct 12 2017 10:48:05 GMT+0200 (CEST) : 0 nouvelles annonces SwissLife
Thu Oct 12 2017 10:48:10 GMT+0200 (CEST) : 0 nouvelles annonces Agence Pereire
Thu Oct 12 2017 11:03:28 GMT+0200 (CEST) : 0 nouvelles annonces Crédit Agricole
Thu Oct 12 2017 11:03:45 GMT+0200 (CEST) : 0 nouvelles annonces SwissLife
Thu Oct 12 2017 11:03:52 GMT+0200 (CEST) : 0 nouvelles annonces Agence Pereire
Thu Oct 12 2017 11:19:30 GMT+0200 (CEST) : 0 nouvelles annonces Crédit Agricole
Thu Oct 12 2017 11:19:50 GMT+0200 (CEST) : 0 nouvelles annonces SwissLife
Thu Oct 12 2017 11:19:58 GMT+0200 (CEST) : 0 nouvelles annonces Agence Pereire
Thu Oct 12 2017 11:35:23 GMT+0200 (CEST) : 0 nouvelles annonces Crédit Agricole
Thu Oct 12 2017 11:35:46 GMT+0200 (CEST) : 0 nouvelles annonces SwissLife
Thu Oct 12 2017 11:35:53 GMT+0200 (CEST) : 0 nouvelles annonces Agence Pereire
Thu Oct 12 2017 11:51:14 GMT+0200 (CEST) : 0 nouvelles annonces Crédit Agricole
Thu Oct 12 2017 11:51:34 GMT+0200 (CEST) : 0 nouvelles annonces SwissLife
Thu Oct 12 2017 11:51:42 GMT+0200 (CEST) : 0 nouvelles annonces Agence Pereire
Thu Oct 12 2017 12:07:05 GMT+0200 (CEST) : 0 nouvelles annonces Crédit Agricole
Thu Oct 12 2017 12:07:17 GMT+0200 (CEST) : 0 nouvelles annonces SwissLife
Thu Oct 12 2017 12:07:25 GMT+0200 (CEST) : 0 nouvelles annonces Agence Pereire
Thu Oct 12 2017 12:22:39 GMT+0200 (CEST) : 0 nouvelles annonces Crédit Agricole
Thu Oct 12 2017 12:22:53 GMT+0200 (CEST) : 0 nouvelles annonces SwissLife
Thu Oct 12 2017 12:22:58 GMT+0200 (CEST) : 0 nouvelles annonces Agence Pereire
Thu Oct 12 2017 12:38:15 GMT+0200 (CEST) : 0 nouvelles annonces Crédit Agricole
Thu Oct 12 2017 12:38:29 GMT+0200 (CEST) : 0 nouvelles annonces SwissLife
Thu Oct 12 2017 12:38:35 GMT+0200 (CEST) : 0 nouvelles annonces Agence Pereire
Thu Oct 12 2017 12:53:50 GMT+0200 (CEST) : 0 nouvelles annonces Crédit Agricole
Thu Oct 12 2017 12:54:11 GMT+0200 (CEST) : 0 nouvelles annonces SwissLife
Thu Oct 12 2017 12:54:17 GMT+0200 (CEST) : 0 nouvelles annonces Agence Pereire
Thu Oct 12 2017 13:09:39 GMT+0200 (CEST) : 0 nouvelles annonces Crédit Agricole
Thu Oct 12 2017 13:09:51 GMT+0200 (CEST) : 0 nouvelles annonces SwissLife
Thu Oct 12 2017 13:09:59 GMT+0200 (CEST) : 0 nouvelles annonces Agence Pereire
Thu Oct 12 2017 13:25:18 GMT+0200 (CEST) : 0 nouvelles annonces Crédit Agricole
Thu Oct 12 2017 13:25:29 GMT+0200 (CEST) : 0 nouvelles annonces SwissLife
Thu Oct 12 2017 13:25:35 GMT+0200 (CEST) : 0 nouvelles annonces Agence Pereire
Thu Oct 12 2017 13:40:59 GMT+0200 (CEST) : 0 nouvelles annonces Crédit Agricole
Thu Oct 12 2017 13:41:24 GMT+0200 (CEST) : 0 nouvelles annonces SwissLife
Thu Oct 12 2017 13:41:30 GMT+0200 (CEST) : 0 nouvelles annonces Agence Pereire
Thu Oct 12 2017 13:57:01 GMT+0200 (CEST) : 0 nouvelles annonces Crédit Agricole
Thu Oct 12 2017 13:57:11 GMT+0200 (CEST) : 0 nouvelles annonces SwissLife
Thu Oct 12 2017 13:57:18 GMT+0200 (CEST) : 0 nouvelles annonces Agence Pereire
Thu Oct 12 2017 14:12:39 GMT+0200 (CEST) : 0 nouvelles annonces Crédit Agricole
Thu Oct 12 2017 14:12:55 GMT+0200 (CEST) : 0 nouvelles annonces SwissLife
Thu Oct 12 2017 14:13:07 GMT+0200 (CEST) : 0 nouvelles annonces Agence Pereire
Thu Oct 12 2017 14:28:25 GMT+0200 (CEST) : 0 nouvelles annonces Crédit Agricole
Thu Oct 12 2017 14:28:41 GMT+0200 (CEST) : 0 nouvelles annonces SwissLife
Thu Oct 12 2017 14:28:44 GMT+0200 (CEST) : 0 nouvelles annonces Agence Pereire
Thu Oct 12 2017 14:44:04 GMT+0200 (CEST) : 0 nouvelles annonces Crédit Agricole
Thu Oct 12 2017 14:44:20 GMT+0200 (CEST) : 0 nouvelles annonces SwissLife
Thu Oct 12 2017 14:44:26 GMT+0200 (CEST) : 0 nouvelles annonces Agence Pereire
Thu Oct 12 2017 14:59:48 GMT+0200 (CEST) : 0 nouvelles annonces Crédit Agricole
Thu Oct 12 2017 15:00:05 GMT+0200 (CEST) : 0 nouvelles annonces SwissLife
Thu Oct 12 2017 15:00:14 GMT+0200 (CEST) : 0 nouvelles annonces Agence Pereire
Thu Oct 12 2017 15:15:37 GMT+0200 (CEST) : 0 nouvelles annonces Crédit Agricole
Thu Oct 12 2017 15:15:51 GMT+0200 (CEST) : 0 nouvelles annonces SwissLife
Thu Oct 12 2017 15:15:59 GMT+0200 (CEST) : 0 nouvelles annonces Agence Pereire
Thu Oct 12 2017 15:31:21 GMT+0200 (CEST) : 0 nouvelles annonces Crédit Agricole
Thu Oct 12 2017 15:31:30 GMT+0200 (CEST) : 0 nouvelles annonces SwissLife
Thu Oct 12 2017 15:31:49 GMT+0200 (CEST) : 0 nouvelles annonces Agence Pereire
Thu Oct 12 2017 15:47:02 GMT+0200 (CEST) : 0 nouvelles annonces Crédit Agricole
Thu Oct 12 2017 15:47:11 GMT+0200 (CEST) : 0 nouvelles annonces SwissLife
Thu Oct 12 2017 15:47:17 GMT+0200 (CEST) : 0 nouvelles annonces Agence Pereire
Thu Oct 12 2017 16:02:29 GMT+0200 (CEST) : 0 nouvelles annonces Crédit Agricole
Thu Oct 12 2017 16:02:41 GMT+0200 (CEST) : 0 nouvelles annonces SwissLife
Thu Oct 12 2017 16:02:46 GMT+0200 (CEST) : 0 nouvelles annonces Agence Pereire
Thu Oct 12 2017 16:17:59 GMT+0200 (CEST) : 0 nouvelles annonces Crédit Agricole
Thu Oct 12 2017 16:18:12 GMT+0200 (CEST) : 0 nouvelles annonces SwissLife
Thu Oct 12 2017 16:18:17 GMT+0200 (CEST) : 0 nouvelles annonces Agence Pereire
Thu Oct 12 2017 16:33:36 GMT+0200 (CEST) : 0 nouvelles annonces Crédit Agricole
Thu Oct 12 2017 16:33:49 GMT+0200 (CEST) : 0 nouvelles annonces SwissLife
Thu Oct 12 2017 16:33:56 GMT+0200 (CEST) : 0 nouvelles annonces Agence Pereire
Thu Oct 12 2017 16:49:10 GMT+0200 (CEST) : 0 nouvelles annonces Crédit Agricole
Thu Oct 12 2017 16:49:30 GMT+0200 (CEST) : 0 nouvelles annonces SwissLife
Thu Oct 12 2017 16:49:36 GMT+0200 (CEST) : 0 nouvelles annonces Agence Pereire
Thu Oct 12 2017 17:42:27 GMT+0200 (CEST) : 0 nouvelles annonces Crédit Agricole
Thu Oct 12 2017 17:42:36 GMT+0200 (CEST) : 0 nouvelles annonces SwissLife
Thu Oct 12 2017 17:42:45 GMT+0200 (CEST) : 0 nouvelles annonces Agence Pereire
Thu Oct 12 2017 17:57:57 GMT+0200 (CEST) : 0 nouvelles annonces Crédit Agricole
Thu Oct 12 2017 17:58:08 GMT+0200 (CEST) : 0 nouvelles annonces SwissLife
Thu Oct 12 2017 17:58:15 GMT+0200 (CEST) : 0 nouvelles annonces Agence Pereire
Thu Oct 12 2017 18:13:27 GMT+0200 (CEST) : 0 nouvelles annonces Crédit Agricole
Thu Oct 12 2017 18:13:37 GMT+0200 (CEST) : 0 nouvelles annonces SwissLife
Thu Oct 12 2017 18:13:41 GMT+0200 (CEST) : 0 nouvelles annonces Agence Pereire
Thu Oct 12 2017 18:28:53 GMT+0200 (CEST) : 0 nouvelles annonces Crédit Agricole
Thu Oct 12 2017 18:29:03 GMT+0200 (CEST) : 0 nouvelles annonces SwissLife
Thu Oct 12 2017 18:29:08 GMT+0200 (CEST) : 0 nouvelles annonces Agence Pereire
Thu Oct 12 2017 18:44:20 GMT+0200 (CEST) : 0 nouvelles annonces Crédit Agricole
Thu Oct 12 2017 18:44:30 GMT+0200 (CEST) : 0 nouvelles annonces SwissLife
Thu Oct 12 2017 18:44:36 GMT+0200 (CEST) : 0 nouvelles annonces Agence Pereire
Thu Oct 12 2017 18:59:48 GMT+0200 (CEST) : 0 nouvelles annonces Crédit Agricole
Thu Oct 12 2017 18:59:57 GMT+0200 (CEST) : 0 nouvelles annonces SwissLife
Thu Oct 12 2017 19:00:04 GMT+0200 (CEST) : 0 nouvelles annonces Agence Pereire
Thu Oct 12 2017 19:15:22 GMT+0200 (CEST) : 0 nouvelles annonces Crédit Agricole
Thu Oct 12 2017 19:15:32 GMT+0200 (CEST) : 0 nouvelles annonces SwissLife
Thu Oct 12 2017 19:15:36 GMT+0200 (CEST) : 0 nouvelles annonces Agence Pereire
Thu Oct 12 2017 23:59:10 GMT+0200 (CEST) : 0 nouvelles annonces Crédit Agricole
Thu Oct 12 2017 23:59:20 GMT+0200 (CEST) : 0 nouvelles annonces SwissLife
Thu Oct 12 2017 23:59:26 GMT+0200 (CEST) : 0 nouvelles annonces Agence Pereire
Fri Oct 13 2017 00:14:38 GMT+0200 (CEST) : 0 nouvelles annonces Crédit Agricole
Fri Oct 13 2017 00:14:49 GMT+0200 (CEST) : 0 nouvelles annonces SwissLife
Fri Oct 13 2017 00:14:55 GMT+0200 (CEST) : 0 nouvelles annonces Agence Pereire
Fri Oct 13 2017 01:02:27 GMT+0200 (CEST) : 0 nouvelles annonces Crédit Agricole
Fri Oct 13 2017 01:02:35 GMT+0200 (CEST) : 0 nouvelles annonces SwissLife
Fri Oct 13 2017 01:02:41 GMT+0200 (CEST) : 0 nouvelles annonces Agence Pereire
Fri Oct 13 2017 08:46:58 GMT+0200 (CEST) : 0 nouvelles annonces Crédit Agricole
Fri Oct 13 2017 08:47:10 GMT+0200 (CEST) : 0 nouvelles annonces SwissLife
Fri Oct 13 2017 08:47:16 GMT+0200 (CEST) : 0 nouvelles annonces Agence Pereire
Fri Oct 13 2017 09:02:35 GMT+0200 (CEST) : 0 nouvelles annonces Crédit Agricole
Fri Oct 13 2017 09:02:48 GMT+0200 (CEST) : 0 nouvelles annonces SwissLife
Fri Oct 13 2017 09:02:55 GMT+0200 (CEST) : 0 nouvelles annonces Agence Pereire
Fri Oct 13 2017 09:50:04 GMT+0200 (CEST) : 0 nouvelles annonces Crédit Agricole
Fri Oct 13 2017 09:50:18 GMT+0200 (CEST) : 0 nouvelles annonces SwissLife
Fri Oct 13 2017 09:50:23 GMT+0200 (CEST) : 0 nouvelles annonces Agence Pereire
Fri Oct 13 2017 10:05:36 GMT+0200 (CEST) : 0 nouvelles annonces Crédit Agricole
Fri Oct 13 2017 10:05:55 GMT+0200 (CEST) : 0 nouvelles annonces SwissLife
Fri Oct 13 2017 10:06:07 GMT+0200 (CEST) : 0 nouvelles annonces Agence Pereire
Fri Oct 13 2017 10:21:30 GMT+0200 (CEST) : 0 nouvelles annonces Crédit Agricole
Fri Oct 13 2017 10:21:39 GMT+0200 (CEST) : 0 nouvelles annonces SwissLife
Fri Oct 13 2017 10:21:45 GMT+0200 (CEST) : 0 nouvelles annonces Agence Pereire
Fri Oct 13 2017 10:36:59 GMT+0200 (CEST) : 0 nouvelles annonces Crédit Agricole
Fri Oct 13 2017 10:37:24 GMT+0200 (CEST) : 0 nouvelles annonces SwissLife
Fri Oct 13 2017 10:37:30 GMT+0200 (CEST) : 0 nouvelles annonces Agence Pereire
Fri Oct 13 2017 10:52:50 GMT+0200 (CEST) : 0 nouvelles annonces Crédit Agricole
Fri Oct 13 2017 10:52:57 GMT+0200 (CEST) : 0 nouvelles annonces SwissLife
Fri Oct 13 2017 10:53:02 GMT+0200 (CEST) : 0 nouvelles annonces Agence Pereire
Fri Oct 13 2017 11:08:16 GMT+0200 (CEST) : 0 nouvelles annonces Crédit Agricole
Fri Oct 13 2017 11:08:31 GMT+0200 (CEST) : 0 nouvelles annonces SwissLife
Fri Oct 13 2017 11:08:37 GMT+0200 (CEST) : 0 nouvelles annonces Agence Pereire
Fri Oct 13 2017 11:23:49 GMT+0200 (CEST) : 0 nouvelles annonces Crédit Agricole
Fri Oct 13 2017 11:24:01 GMT+0200 (CEST) : 0 nouvelles annonces SwissLife
Fri Oct 13 2017 11:24:08 GMT+0200 (CEST) : 0 nouvelles annonces Agence Pereire
Fri Oct 13 2017 11:39:19 GMT+0200 (CEST) : 0 nouvelles annonces Crédit Agricole
Fri Oct 13 2017 11:39:30 GMT+0200 (CEST) : 0 nouvelles annonces SwissLife
Fri Oct 13 2017 11:39:53 GMT+0200 (CEST) : 0 nouvelles annonces Agence Pereire
Fri Oct 13 2017 11:55:12 GMT+0200 (CEST) : 0 nouvelles annonces Crédit Agricole
Fri Oct 13 2017 11:55:21 GMT+0200 (CEST) : 0 nouvelles annonces SwissLife
Fri Oct 13 2017 11:55:27 GMT+0200 (CEST) : 0 nouvelles annonces Agence Pereire
Fri Oct 13 2017 12:10:49 GMT+0200 (CEST) : 0 nouvelles annonces Crédit Agricole
Fri Oct 13 2017 12:10:57 GMT+0200 (CEST) : 0 nouvelles annonces SwissLife
Fri Oct 13 2017 12:11:01 GMT+0200 (CEST) : 0 nouvelles annonces Agence Pereire
Fri Oct 13 2017 12:26:15 GMT+0200 (CEST) : 0 nouvelles annonces Crédit Agricole
Fri Oct 13 2017 12:26:28 GMT+0200 (CEST) : 0 nouvelles annonces SwissLife
Fri Oct 13 2017 12:26:33 GMT+0200 (CEST) : 0 nouvelles annonces Agence Pereire
Fri Oct 13 2017 12:42:08 GMT+0200 (CEST) : 0 nouvelles annonces Crédit Agricole
Fri Oct 13 2017 12:42:18 GMT+0200 (CEST) : 0 nouvelles annonces SwissLife
Fri Oct 13 2017 12:42:23 GMT+0200 (CEST) : 0 nouvelles annonces Agence Pereire
Fri Oct 13 2017 12:57:35 GMT+0200 (CEST) : 0 nouvelles annonces Crédit Agricole
Fri Oct 13 2017 12:57:46 GMT+0200 (CEST) : 0 nouvelles annonces SwissLife
Fri Oct 13 2017 12:57:54 GMT+0200 (CEST) : 0 nouvelles annonces Agence Pereire
Fri Oct 13 2017 13:13:12 GMT+0200 (CEST) : 0 nouvelles annonces Crédit Agricole
Fri Oct 13 2017 13:13:21 GMT+0200 (CEST) : 0 nouvelles annonces SwissLife
Fri Oct 13 2017 13:13:30 GMT+0200 (CEST) : 0 nouvelles annonces Agence Pereire
Fri Oct 13 2017 13:28:43 GMT+0200 (CEST) : 0 nouvelles annonces Crédit Agricole
Fri Oct 13 2017 13:28:55 GMT+0200 (CEST) : 0 nouvelles annonces SwissLife
Fri Oct 13 2017 13:28:58 GMT+0200 (CEST) : 0 nouvelles annonces Agence Pereire
Fri Oct 13 2017 13:44:22 GMT+0200 (CEST) : 0 nouvelles annonces Crédit Agricole
Fri Oct 13 2017 13:44:28 GMT+0200 (CEST) : 0 nouvelles annonces SwissLife
Fri Oct 13 2017 13:44:34 GMT+0200 (CEST) : 0 nouvelles annonces Agence Pereire
Fri Oct 13 2017 13:59:56 GMT+0200 (CEST) : 0 nouvelles annonces Crédit Agricole
Fri Oct 13 2017 14:00:05 GMT+0200 (CEST) : 0 nouvelles annonces SwissLife
Fri Oct 13 2017 14:00:10 GMT+0200 (CEST) : 0 nouvelles annonces Agence Pereire
Fri Oct 13 2017 14:15:35 GMT+0200 (CEST) : 0 nouvelles annonces Crédit Agricole
Fri Oct 13 2017 14:15:42 GMT+0200 (CEST) : 0 nouvelles annonces SwissLife
Fri Oct 13 2017 14:15:47 GMT+0200 (CEST) : 0 nouvelles annonces Agence Pereire
Fri Oct 13 2017 14:31:07 GMT+0200 (CEST) : 0 nouvelles annonces Crédit Agricole
Fri Oct 13 2017 14:31:27 GMT+0200 (CEST) : 0 nouvelles annonces SwissLife
Fri Oct 13 2017 14:31:41 GMT+0200 (CEST) : 0 nouvelles annonces Agence Pereire
Fri Oct 13 2017 14:47:15 GMT+0200 (CEST) : 0 nouvelles annonces Crédit Agricole
Fri Oct 13 2017 14:47:30 GMT+0200 (CEST) : 0 nouvelles annonces SwissLife
Fri Oct 13 2017 14:47:42 GMT+0200 (CEST) : 0 nouvelles annonces Agence Pereire
Fri Oct 13 2017 15:03:04 GMT+0200 (CEST) : 0 nouvelles annonces Crédit Agricole
Fri Oct 13 2017 15:03:18 GMT+0200 (CEST) : 0 nouvelles annonces SwissLife
Fri Oct 13 2017 15:03:30 GMT+0200 (CEST) : 0 nouvelles annonces Agence Pereire
Fri Oct 13 2017 15:18:51 GMT+0200 (CEST) : 0 nouvelles annonces Crédit Agricole
Fri Oct 13 2017 15:19:20 GMT+0200 (CEST) : 0 nouvelles annonces SwissLife
Fri Oct 13 2017 15:19:29 GMT+0200 (CEST) : 0 nouvelles annonces Agence Pereire
Fri Oct 13 2017 15:34:52 GMT+0200 (CEST) : 0 nouvelles annonces Crédit Agricole
Fri Oct 13 2017 15:35:05 GMT+0200 (CEST) : 0 nouvelles annonces SwissLife
Fri Oct 13 2017 15:35:11 GMT+0200 (CEST) : 0 nouvelles annonces Agence Pereire
Fri Oct 13 2017 15:51:01 GMT+0200 (CEST) : 0 nouvelles annonces Crédit Agricole
Fri Oct 13 2017 15:51:22 GMT+0200 (CEST) : 0 nouvelles annonces SwissLife
Fri Oct 13 2017 15:51:28 GMT+0200 (CEST) : 0 nouvelles annonces Agence Pereire
Fri Oct 13 2017 16:06:51 GMT+0200 (CEST) : 0 nouvelles annonces Crédit Agricole
Fri Oct 13 2017 16:07:14 GMT+0200 (CEST) : 0 nouvelles annonces SwissLife
Fri Oct 13 2017 16:07:23 GMT+0200 (CEST) : 0 nouvelles annonces Agence Pereire
Fri Oct 13 2017 16:22:39 GMT+0200 (CEST) : 0 nouvelles annonces Crédit Agricole
Fri Oct 13 2017 16:22:55 GMT+0200 (CEST) : 0 nouvelles annonces SwissLife
Fri Oct 13 2017 16:23:06 GMT+0200 (CEST) : 0 nouvelles annonces Agence Pereire
Fri Oct 13 2017 16:38:20 GMT+0200 (CEST) : 0 nouvelles annonces Crédit Agricole
Fri Oct 13 2017 16:38:54 GMT+0200 (CEST) : 0 nouvelles annonces SwissLife
Fri Oct 13 2017 16:39:10 GMT+0200 (CEST) : 0 nouvelles annonces Agence Pereire
[37;41;1mWait timeout of 5000ms expired, exiting.[0m
Fri Oct 13 2017 16:56:35 GMT+0200 (CEST) : 0 nouvelles annonces SwissLife
Fri Oct 13 2017 16:56:43 GMT+0200 (CEST) : 0 nouvelles annonces Agence Pereire
Fri Oct 13 2017 17:12:08 GMT+0200 (CEST) : 0 nouvelles annonces Crédit Agricole
Fri Oct 13 2017 17:12:21 GMT+0200 (CEST) : 0 nouvelles annonces SwissLife
Fri Oct 13 2017 17:12:31 GMT+0200 (CEST) : 0 nouvelles annonces Agence Pereire
Fri Oct 13 2017 17:27:53 GMT+0200 (CEST) : 0 nouvelles annonces Crédit Agricole
Fri Oct 13 2017 17:28:23 GMT+0200 (CEST) : 0 nouvelles annonces SwissLife
Fri Oct 13 2017 17:28:28 GMT+0200 (CEST) : 0 nouvelles annonces Agence Pereire
Fri Oct 13 2017 18:32:42 GMT+0200 (CEST) : 0 nouvelles annonces Crédit Agricole
Fri Oct 13 2017 18:32:52 GMT+0200 (CEST) : 0 nouvelles annonces SwissLife
Fri Oct 13 2017 18:32:58 GMT+0200 (CEST) : 0 nouvelles annonces Agence Pereire
Fri Oct 13 2017 19:05:22 GMT+0200 (CEST) : 0 nouvelles annonces Crédit Agricole
Fri Oct 13 2017 19:05:31 GMT+0200 (CEST) : 0 nouvelles annonces SwissLife
Fri Oct 13 2017 19:05:36 GMT+0200 (CEST) : 0 nouvelles annonces Agence Pereire
Fri Oct 13 2017 19:51:36 GMT+0200 (CEST) : 0 nouvelles annonces Crédit Agricole
Fri Oct 13 2017 19:51:46 GMT+0200 (CEST) : 0 nouvelles annonces SwissLife
Fri Oct 13 2017 19:51:54 GMT+0200 (CEST) : 0 nouvelles annonces Agence Pereire
Fri Oct 13 2017 20:07:09 GMT+0200 (CEST) : 0 nouvelles annonces Crédit Agricole
Fri Oct 13 2017 20:07:17 GMT+0200 (CEST) : 0 nouvelles annonces SwissLife
Fri Oct 13 2017 20:07:22 GMT+0200 (CEST) : 0 nouvelles annonces Agence Pereire
Fri Oct 13 2017 20:22:36 GMT+0200 (CEST) : 0 nouvelles annonces Crédit Agricole
Fri Oct 13 2017 20:22:45 GMT+0200 (CEST) : 0 nouvelles annonces SwissLife
Fri Oct 13 2017 20:22:54 GMT+0200 (CEST) : 0 nouvelles annonces Agence Pereire
Sat Oct 14 2017 14:41:41 GMT+0200 (CEST) : 0 nouvelles annonces Crédit Agricole
Sat Oct 14 2017 14:41:50 GMT+0200 (CEST) : 0 nouvelles annonces SwissLife
Sat Oct 14 2017 14:41:57 GMT+0200 (CEST) : 0 nouvelles annonces Agence Pereire
Sat Oct 14 2017 14:57:09 GMT+0200 (CEST) : 0 nouvelles annonces Crédit Agricole
Sat Oct 14 2017 14:57:23 GMT+0200 (CEST) : 0 nouvelles annonces SwissLife
Sat Oct 14 2017 14:57:26 GMT+0200 (CEST) : 0 nouvelles annonces Agence Pereire
Sat Oct 14 2017 15:12:40 GMT+0200 (CEST) : 0 nouvelles annonces Crédit Agricole
Sat Oct 14 2017 15:12:51 GMT+0200 (CEST) : 0 nouvelles annonces SwissLife
Sat Oct 14 2017 15:12:54 GMT+0200 (CEST) : 0 nouvelles annonces Agence Pereire
Sat Oct 14 2017 15:28:05 GMT+0200 (CEST) : 0 nouvelles annonces Crédit Agricole
Sat Oct 14 2017 15:28:12 GMT+0200 (CEST) : 0 nouvelles annonces SwissLife
Sat Oct 14 2017 15:28:17 GMT+0200 (CEST) : 0 nouvelles annonces Agence Pereire
Sat Oct 14 2017 17:19:57 GMT+0200 (CEST) : 0 nouvelles annonces Crédit Agricole
Sat Oct 14 2017 17:20:05 GMT+0200 (CEST) : 0 nouvelles annonces SwissLife
Sat Oct 14 2017 17:20:09 GMT+0200 (CEST) : 0 nouvelles annonces Agence Pereire
Sat Oct 14 2017 17:35:21 GMT+0200 (CEST) : 0 nouvelles annonces Crédit Agricole
Sat Oct 14 2017 17:35:33 GMT+0200 (CEST) : 0 nouvelles annonces SwissLife
Sat Oct 14 2017 17:35:36 GMT+0200 (CEST) : 0 nouvelles annonces Agence Pereire
Sun Oct 15 2017 20:02:01 GMT+0200 (CEST) : 0 nouvelles annonces Crédit Agricole
Sun Oct 15 2017 20:02:10 GMT+0200 (CEST) : 0 nouvelles annonces SwissLife
Mon Oct 16 2017 20:02:24 GMT+0200 (CEST) : 0 nouvelles annonces Crédit Agricole
Mon Oct 16 2017 20:02:40 GMT+0200 (CEST) : 0 nouvelles annonces SwissLife
No node found for selector: [data-name="nb_pieces"][data-value="3"]
Mon Oct 16 2017 20:17:59 GMT+0200 (CEST) : 0 nouvelles annonces Crédit Agricole
Mon Oct 16 2017 20:18:12 GMT+0200 (CEST) : 0 nouvelles annonces SwissLife
No node found for selector: [data-name="nb_pieces"][data-value="3"]
Mon Oct 16 2017 20:33:32 GMT+0200 (CEST) : 0 nouvelles annonces Crédit Agricole
Mon Oct 16 2017 20:33:47 GMT+0200 (CEST) : 0 nouvelles annonces SwissLife
No node found for selector: [data-name="nb_pieces"][data-value="3"]
Mon Oct 16 2017 20:49:08 GMT+0200 (CEST) : 0 nouvelles annonces Crédit Agricole
Mon Oct 16 2017 20:49:20 GMT+0200 (CEST) : 0 nouvelles annonces SwissLife
No node found for selector: [data-name="nb_pieces"][data-value="3"]
Mon Oct 16 2017 21:04:39 GMT+0200 (CEST) : 0 nouvelles annonces Crédit Agricole
Mon Oct 16 2017 21:04:53 GMT+0200 (CEST) : 0 nouvelles annonces SwissLife
No node found for selector: [data-name="nb_pieces"][data-value="3"]
Mon Oct 16 2017 21:20:29 GMT+0200 (CEST) : 0 nouvelles annonces Crédit Agricole
Mon Oct 16 2017 21:20:40 GMT+0200 (CEST) : 0 nouvelles annonces SwissLife
No node found for selector: [data-name="nb_pieces"][data-value="3"]
Mon Oct 16 2017 21:35:57 GMT+0200 (CEST) : 0 nouvelles annonces Crédit Agricole
Mon Oct 16 2017 21:36:08 GMT+0200 (CEST) : 0 nouvelles annonces SwissLife
No node found for selector: [data-name="nb_pieces"][data-value="3"]
Mon Oct 16 2017 21:51:24 GMT+0200 (CEST) : 0 nouvelles annonces Crédit Agricole
Mon Oct 16 2017 21:51:34 GMT+0200 (CEST) : 0 nouvelles annonces SwissLife
No node found for selector: [data-name="nb_pieces"][data-value="3"]
Mon Oct 16 2017 22:06:57 GMT+0200 (CEST) : 0 nouvelles annonces Crédit Agricole
Mon Oct 16 2017 22:07:05 GMT+0200 (CEST) : 0 nouvelles annonces SwissLife
No node found for selector: [data-name="nb_pieces"][data-value="3"]
Mon Oct 16 2017 22:22:24 GMT+0200 (CEST) : 0 nouvelles annonces Crédit Agricole
Mon Oct 16 2017 22:22:33 GMT+0200 (CEST) : 0 nouvelles annonces SwissLife
No node found for selector: [data-name="nb_pieces"][data-value="3"]
Mon Oct 16 2017 23:28:31 GMT+0200 (CEST) : 0 nouvelles annonces Crédit Agricole
Mon Oct 16 2017 23:28:44 GMT+0200 (CEST) : 0 nouvelles annonces SwissLife
No node found for selector: [data-name="nb_pieces"][data-value="3"]
Mon Oct 16 2017 23:44:01 GMT+0200 (CEST) : 0 nouvelles annonces Crédit Agricole
Mon Oct 16 2017 23:44:10 GMT+0200 (CEST) : 0 nouvelles annonces SwissLife
No node found for selector: [data-name="nb_pieces"][data-value="3"]
Tue Oct 17 2017 07:58:53 GMT+0200 (CEST) : 0 nouvelles annonces Crédit Agricole
Tue Oct 17 2017 07:59:01 GMT+0200 (CEST) : 0 nouvelles annonces SwissLife
No node found for selector: [data-name="nb_pieces"][data-value="3"]
Tue Oct 17 2017 08:14:22 GMT+0200 (CEST) : 0 nouvelles annonces Crédit Agricole
Tue Oct 17 2017 08:14:29 GMT+0200 (CEST) : 0 nouvelles annonces SwissLife
No node found for selector: [data-name="nb_pieces"][data-value="3"]
Tue Oct 17 2017 09:08:57 GMT+0200 (CEST) : 0 nouvelles annonces Crédit Agricole
Tue Oct 17 2017 09:09:06 GMT+0200 (CEST) : 0 nouvelles annonces SwissLife
No node found for selector: [data-name="nb_pieces"][data-value="3"]
Tue Oct 17 2017 09:24:28 GMT+0200 (CEST) : 0 nouvelles annonces Crédit Agricole
Tue Oct 17 2017 09:24:34 GMT+0200 (CEST) : 0 nouvelles annonces SwissLife
No node found for selector: [data-name="nb_pieces"][data-value="3"]
Tue Oct 17 2017 09:39:53 GMT+0200 (CEST) : 0 nouvelles annonces Crédit Agricole
Tue Oct 17 2017 09:39:58 GMT+0200 (CEST) : 0 nouvelles annonces SwissLife
No node found for selector: [data-name="nb_pieces"][data-value="3"]
Tue Oct 17 2017 09:55:21 GMT+0200 (CEST) : 0 nouvelles annonces Crédit Agricole
Tue Oct 17 2017 09:55:30 GMT+0200 (CEST) : 0 nouvelles annonces SwissLife
No node found for selector: [data-name="nb_pieces"][data-value="3"]
Tue Oct 17 2017 10:10:52 GMT+0200 (CEST) : 0 nouvelles annonces Crédit Agricole
Tue Oct 17 2017 10:11:01 GMT+0200 (CEST) : 0 nouvelles annonces SwissLife
No node found for selector: [data-name="nb_pieces"][data-value="3"]
Tue Oct 17 2017 10:26:25 GMT+0200 (CEST) : 0 nouvelles annonces Crédit Agricole
Tue Oct 17 2017 10:26:38 GMT+0200 (CEST) : 0 nouvelles annonces SwissLife
No node found for selector: [data-name="nb_pieces"][data-value="3"]
Tue Oct 17 2017 10:41:56 GMT+0200 (CEST) : 0 nouvelles annonces Crédit Agricole
Tue Oct 17 2017 10:42:03 GMT+0200 (CEST) : 0 nouvelles annonces SwissLife
No node found for selector: [data-name="nb_pieces"][data-value="3"]
Tue Oct 17 2017 10:57:27 GMT+0200 (CEST) : 0 nouvelles annonces Crédit Agricole
Tue Oct 17 2017 10:57:37 GMT+0200 (CEST) : 0 nouvelles annonces SwissLife
No node found for selector: [data-name="nb_pieces"][data-value="3"]
Tue Oct 17 2017 11:13:03 GMT+0200 (CEST) : 0 nouvelles annonces Crédit Agricole
Tue Oct 17 2017 11:13:11 GMT+0200 (CEST) : 0 nouvelles annonces SwissLife
No node found for selector: [data-name="nb_pieces"][data-value="3"]
Tue Oct 17 2017 11:28:29 GMT+0200 (CEST) : 0 nouvelles annonces Crédit Agricole
Tue Oct 17 2017 11:28:43 GMT+0200 (CEST) : 0 nouvelles annonces SwissLife
No node found for selector: [data-name="nb_pieces"][data-value="3"]
Tue Oct 17 2017 11:44:00 GMT+0200 (CEST) : 0 nouvelles annonces Crédit Agricole
Tue Oct 17 2017 11:44:10 GMT+0200 (CEST) : 0 nouvelles annonces SwissLife
No node found for selector: [data-name="nb_pieces"][data-value="3"]
Tue Oct 17 2017 11:59:26 GMT+0200 (CEST) : 0 nouvelles annonces Crédit Agricole
Tue Oct 17 2017 11:59:37 GMT+0200 (CEST) : 0 nouvelles annonces SwissLife
No node found for selector: [data-name="nb_pieces"][data-value="3"]
Tue Oct 17 2017 12:14:55 GMT+0200 (CEST) : 0 nouvelles annonces Crédit Agricole
Tue Oct 17 2017 12:15:02 GMT+0200 (CEST) : 0 nouvelles annonces SwissLife
No node found for selector: [data-name="nb_pieces"][data-value="3"]
Tue Oct 17 2017 12:30:23 GMT+0200 (CEST) : 0 nouvelles annonces Crédit Agricole
Tue Oct 17 2017 12:30:28 GMT+0200 (CEST) : 0 nouvelles annonces SwissLife
No node found for selector: [data-name="nb_pieces"][data-value="3"]
[37;41;1mCasperError: Errors encountered while filling form: form not found              [0m
  /Users/romain/Bots/phantomjs:/platform/casper.js:[33m873[0m in [36mfillForm[0m
  /Users/romain/Bots/phantomjs:/platform/casper.js:[33m936[0m in [36mfillNames[0m
  /Users/romain/Bots/phantomjs:/code/annonces-ca-immo.js:[33m24[0m
  /Users/romain/Bots/phantomjs:/platform/casper.js:[33m1685[0m in [36mrunStep[0m
  /Users/romain/Bots/phantomjs:/platform/casper.js:[33m414[0m in [36mcheckStep[0m
Tue Oct 17 2017 12:45:41 GMT+0200 (CEST) : 0 nouvelles annonces SwissLife
Failed to navigate: http://www.agencepereire.com/immobilier/pays/locations/france.htm
[37;41;1mCasperError: Errors encountered while filling form: form not found              [0m
  /Users/romain/Bots/phantomjs:/platform/casper.js:[33m873[0m in [36mfillForm[0m
  /Users/romain/Bots/phantomjs:/platform/casper.js:[33m936[0m in [36mfillNames[0m
  /Users/romain/Bots/phantomjs:/code/annonces-ca-immo.js:[33m24[0m
  /Users/romain/Bots/phantomjs:/platform/casper.js:[33m1685[0m in [36mrunStep[0m
  /Users/romain/Bots/phantomjs:/platform/casper.js:[33m414[0m in [36mcheckStep[0m
Tue Oct 17 2017 13:00:53 GMT+0200 (CEST) : 0 nouvelles annonces SwissLife
Failed to navigate: http://www.agencepereire.com/immobilier/pays/locations/france.htm
[37;41;1mCasperError: Errors encountered while filling form: form not found              [0m
  /Users/romain/Bots/phantomjs:/platform/casper.js:[33m873[0m in [36mfillForm[0m
  /Users/romain/Bots/phantomjs:/platform/casper.js:[33m936[0m in [36mfillNames[0m
  /Users/romain/Bots/phantomjs:/code/annonces-ca-immo.js:[33m24[0m
  /Users/romain/Bots/phantomjs:/platform/casper.js:[33m1685[0m in [36mrunStep[0m
  /Users/romain/Bots/phantomjs:/platform/casper.js:[33m414[0m in [36mcheckStep[0m
Tue Oct 17 2017 13:16:05 GMT+0200 (CEST) : 0 nouvelles annonces SwissLife
Failed to navigate: http://www.agencepereire.com/immobilier/pays/locations/france.htm
[37;41;1mCasperError: Errors encountered while filling form: form not found              [0m
  /Users/romain/Bots/phantomjs:/platform/casper.js:[33m873[0m in [36mfillForm[0m
  /Users/romain/Bots/phantomjs:/platform/casper.js:[33m936[0m in [36mfillNames[0m
  /Users/romain/Bots/phantomjs:/code/annonces-ca-immo.js:[33m24[0m
  /Users/romain/Bots/phantomjs:/platform/casper.js:[33m1685[0m in [36mrunStep[0m
  /Users/romain/Bots/phantomjs:/platform/casper.js:[33m414[0m in [36mcheckStep[0m
Tue Oct 17 2017 13:31:18 GMT+0200 (CEST) : 0 nouvelles annonces SwissLife
Failed to navigate: http://www.agencepereire.com/immobilier/pays/locations/france.htm
[37;41;1mCasperError: Errors encountered while filling form: form not found              [0m
  /Users/romain/Bots/phantomjs:/platform/casper.js:[33m873[0m in [36mfillForm[0m
  /Users/romain/Bots/phantomjs:/platform/casper.js:[33m936[0m in [36mfillNames[0m
  /Users/romain/Bots/phantomjs:/code/annonces-ca-immo.js:[33m24[0m
  /Users/romain/Bots/phantomjs:/platform/casper.js:[33m1685[0m in [36mrunStep[0m
  /Users/romain/Bots/phantomjs:/platform/casper.js:[33m414[0m in [36mcheckStep[0m
Tue Oct 17 2017 13:46:30 GMT+0200 (CEST) : 0 nouvelles annonces SwissLife
Failed to navigate: http://www.agencepereire.com/immobilier/pays/locations/france.htm
[37;41;1mCasperError: Errors encountered while filling form: form not found              [0m
  /Users/romain/Bots/phantomjs:/platform/casper.js:[33m873[0m in [36mfillForm[0m
  /Users/romain/Bots/phantomjs:/platform/casper.js:[33m936[0m in [36mfillNames[0m
  /Users/romain/Bots/phantomjs:/code/annonces-ca-immo.js:[33m24[0m
  /Users/romain/Bots/phantomjs:/platform/casper.js:[33m1685[0m in [36mrunStep[0m
  /Users/romain/Bots/phantomjs:/platform/casper.js:[33m414[0m in [36mcheckStep[0m
Tue Oct 17 2017 14:01:43 GMT+0200 (CEST) : 0 nouvelles annonces SwissLife
Failed to navigate: http://www.agencepereire.com/immobilier/pays/locations/france.htm
Tue Oct 17 2017 14:17:04 GMT+0200 (CEST) : 0 nouvelles annonces Crédit Agricole
Tue Oct 17 2017 14:17:12 GMT+0200 (CEST) : 10 nouvelles annonces SwissLife
No node found for selector: [data-name="nb_pieces"][data-value="3"]
Tue Oct 17 2017 14:32:33 GMT+0200 (CEST) : 0 nouvelles annonces Crédit Agricole
Tue Oct 17 2017 14:32:38 GMT+0200 (CEST) : 0 nouvelles annonces SwissLife
No node found for selector: [data-name="nb_pieces"][data-value="3"]
Tue Oct 17 2017 14:48:00 GMT+0200 (CEST) : 0 nouvelles annonces Crédit Agricole
Tue Oct 17 2017 14:48:05 GMT+0200 (CEST) : 0 nouvelles annonces SwissLife
No node found for selector: [data-name="nb_pieces"][data-value="3"]
Tue Oct 17 2017 15:03:25 GMT+0200 (CEST) : 0 nouvelles annonces Crédit Agricole
Tue Oct 17 2017 15:03:31 GMT+0200 (CEST) : 0 nouvelles annonces SwissLife
No node found for selector: [data-name="nb_pieces"][data-value="3"]
Tue Oct 17 2017 15:18:51 GMT+0200 (CEST) : 0 nouvelles annonces Crédit Agricole
Tue Oct 17 2017 15:18:55 GMT+0200 (CEST) : 0 nouvelles annonces SwissLife
No node found for selector: [data-name="nb_pieces"][data-value="3"]
Tue Oct 17 2017 15:34:18 GMT+0200 (CEST) : 0 nouvelles annonces Crédit Agricole
Tue Oct 17 2017 15:34:29 GMT+0200 (CEST) : 0 nouvelles annonces SwissLife
No node found for selector: [data-name="nb_pieces"][data-value="3"]
Tue Oct 17 2017 15:49:49 GMT+0200 (CEST) : 0 nouvelles annonces Crédit Agricole
Tue Oct 17 2017 15:49:57 GMT+0200 (CEST) : 0 nouvelles annonces SwissLife
No node found for selector: [data-name="nb_pieces"][data-value="3"]
Tue Oct 17 2017 16:05:16 GMT+0200 (CEST) : 0 nouvelles annonces Crédit Agricole
Tue Oct 17 2017 16:05:22 GMT+0200 (CEST) : 0 nouvelles annonces SwissLife
No node found for selector: [data-name="nb_pieces"][data-value="3"]
Tue Oct 17 2017 16:20:41 GMT+0200 (CEST) : 0 nouvelles annonces Crédit Agricole
Tue Oct 17 2017 16:20:47 GMT+0200 (CEST) : 0 nouvelles annonces SwissLife
No node found for selector: [data-name="nb_pieces"][data-value="3"]
Tue Oct 17 2017 16:36:05 GMT+0200 (CEST) : 0 nouvelles annonces Crédit Agricole
Tue Oct 17 2017 16:36:13 GMT+0200 (CEST) : 0 nouvelles annonces SwissLife
No node found for selector: [data-name="nb_pieces"][data-value="3"]
Tue Oct 17 2017 16:51:35 GMT+0200 (CEST) : 0 nouvelles annonces Crédit Agricole
Tue Oct 17 2017 16:51:54 GMT+0200 (CEST) : 0 nouvelles annonces SwissLife
No node found for selector: [data-name="nb_pieces"][data-value="3"]
Tue Oct 17 2017 17:07:15 GMT+0200 (CEST) : 0 nouvelles annonces Crédit Agricole
Tue Oct 17 2017 17:07:23 GMT+0200 (CEST) : 0 nouvelles annonces SwissLife
No node found for selector: [data-name="nb_pieces"][data-value="3"]
Tue Oct 17 2017 19:30:48 GMT+0200 (CEST) : 0 nouvelles annonces Crédit Agricole
Tue Oct 17 2017 19:31:00 GMT+0200 (CEST) : 0 nouvelles annonces SwissLife
No node found for selector: [data-name="nb_pieces"][data-value="3"]
Tue Oct 17 2017 19:46:16 GMT+0200 (CEST) : 0 nouvelles annonces Crédit Agricole
Tue Oct 17 2017 19:46:25 GMT+0200 (CEST) : 0 nouvelles annonces SwissLife
No node found for selector: [data-name="nb_pieces"][data-value="3"]
Tue Oct 17 2017 20:01:45 GMT+0200 (CEST) : 0 nouvelles annonces Crédit Agricole
Tue Oct 17 2017 20:01:52 GMT+0200 (CEST) : 0 nouvelles annonces SwissLife
No node found for selector: [data-name="nb_pieces"][data-value="3"]
Tue Oct 17 2017 20:17:08 GMT+0200 (CEST) : 0 nouvelles annonces Crédit Agricole
Tue Oct 17 2017 20:17:18 GMT+0200 (CEST) : 0 nouvelles annonces SwissLife
No node found for selector: [data-name="nb_pieces"][data-value="3"]
Tue Oct 17 2017 20:32:38 GMT+0200 (CEST) : 0 nouvelles annonces Crédit Agricole
Tue Oct 17 2017 20:32:50 GMT+0200 (CEST) : 0 nouvelles annonces SwissLife
No node found for selector: [data-name="nb_pieces"][data-value="3"]
Tue Oct 17 2017 20:48:06 GMT+0200 (CEST) : 0 nouvelles annonces Crédit Agricole
Tue Oct 17 2017 20:48:15 GMT+0200 (CEST) : 0 nouvelles annonces SwissLife
No node found for selector: [data-name="nb_pieces"][data-value="3"]
Tue Oct 17 2017 21:03:33 GMT+0200 (CEST) : 0 nouvelles annonces Crédit Agricole
Tue Oct 17 2017 21:03:41 GMT+0200 (CEST) : 0 nouvelles annonces SwissLife
No node found for selector: [data-name="nb_pieces"][data-value="3"]
Tue Oct 17 2017 21:19:01 GMT+0200 (CEST) : 0 nouvelles annonces Crédit Agricole
Tue Oct 17 2017 21:19:10 GMT+0200 (CEST) : 0 nouvelles annonces SwissLife
No node found for selector: [data-name="nb_pieces"][data-value="3"]
Tue Oct 17 2017 21:34:28 GMT+0200 (CEST) : 0 nouvelles annonces Crédit Agricole
Tue Oct 17 2017 21:34:39 GMT+0200 (CEST) : 0 nouvelles annonces SwissLife
No node found for selector: [data-name="nb_pieces"][data-value="3"]
Tue Oct 17 2017 21:49:58 GMT+0200 (CEST) : 0 nouvelles annonces Crédit Agricole
Tue Oct 17 2017 21:50:07 GMT+0200 (CEST) : 0 nouvelles annonces SwissLife
No node found for selector: [data-name="nb_pieces"][data-value="3"]
Tue Oct 17 2017 22:05:28 GMT+0200 (CEST) : 0 nouvelles annonces Crédit Agricole
Tue Oct 17 2017 22:05:37 GMT+0200 (CEST) : 0 nouvelles annonces SwissLife
No node found for selector: [data-name="nb_pieces"][data-value="3"]
Tue Oct 17 2017 22:20:59 GMT+0200 (CEST) : 0 nouvelles annonces Crédit Agricole
Tue Oct 17 2017 22:21:09 GMT+0200 (CEST) : 0 nouvelles annonces SwissLife
No node found for selector: [data-name="nb_pieces"][data-value="3"]
Tue Oct 17 2017 22:36:27 GMT+0200 (CEST) : 0 nouvelles annonces Crédit Agricole
Tue Oct 17 2017 22:36:37 GMT+0200 (CEST) : 0 nouvelles annonces SwissLife
No node found for selector: [data-name="nb_pieces"][data-value="3"]
Tue Oct 17 2017 22:51:53 GMT+0200 (CEST) : 0 nouvelles annonces Crédit Agricole
Tue Oct 17 2017 22:52:02 GMT+0200 (CEST) : 0 nouvelles annonces SwissLife
No node found for selector: [data-name="nb_pieces"][data-value="3"]
Tue Oct 17 2017 23:07:19 GMT+0200 (CEST) : 0 nouvelles annonces Crédit Agricole
Tue Oct 17 2017 23:07:28 GMT+0200 (CEST) : 0 nouvelles annonces SwissLife
No node found for selector: [data-name="nb_pieces"][data-value="3"]
Tue Oct 17 2017 23:22:43 GMT+0200 (CEST) : 0 nouvelles annonces Crédit Agricole
Tue Oct 17 2017 23:22:52 GMT+0200 (CEST) : 0 nouvelles annonces SwissLife
No node found for selector: [data-name="nb_pieces"][data-value="3"]
Tue Oct 17 2017 23:38:09 GMT+0200 (CEST) : 0 nouvelles annonces Crédit Agricole
Tue Oct 17 2017 23:38:18 GMT+0200 (CEST) : 0 nouvelles annonces SwissLife
No node found for selector: [data-name="nb_pieces"][data-value="3"]
Tue Oct 17 2017 23:53:33 GMT+0200 (CEST) : 0 nouvelles annonces Crédit Agricole
Tue Oct 17 2017 23:53:42 GMT+0200 (CEST) : 0 nouvelles annonces SwissLife
No node found for selector: [data-name="nb_pieces"][data-value="3"]
Wed Oct 18 2017 00:08:59 GMT+0200 (CEST) : 0 nouvelles annonces Crédit Agricole
Wed Oct 18 2017 00:09:11 GMT+0200 (CEST) : 0 nouvelles annonces SwissLife
No node found for selector: [data-name="nb_pieces"][data-value="3"]
Wed Oct 18 2017 00:24:26 GMT+0200 (CEST) : 0 nouvelles annonces Crédit Agricole
Wed Oct 18 2017 00:24:36 GMT+0200 (CEST) : 0 nouvelles annonces SwissLife
No node found for selector: [data-name="nb_pieces"][data-value="3"]
Wed Oct 18 2017 00:39:52 GMT+0200 (CEST) : 0 nouvelles annonces Crédit Agricole
Wed Oct 18 2017 00:40:01 GMT+0200 (CEST) : 0 nouvelles annonces SwissLife
No node found for selector: [data-name="nb_pieces"][data-value="3"]
Wed Oct 18 2017 00:55:18 GMT+0200 (CEST) : 0 nouvelles annonces Crédit Agricole
Wed Oct 18 2017 00:55:26 GMT+0200 (CEST) : 0 nouvelles annonces SwissLife
No node found for selector: [data-name="nb_pieces"][data-value="3"]
Wed Oct 18 2017 09:07:30 GMT+0200 (CEST) : 0 nouvelles annonces Crédit Agricole
Wed Oct 18 2017 09:07:37 GMT+0200 (CEST) : 0 nouvelles annonces SwissLife
No node found for selector: [data-name="nb_pieces"][data-value="3"]
Wed Oct 18 2017 09:22:59 GMT+0200 (CEST) : 0 nouvelles annonces Crédit Agricole
Wed Oct 18 2017 09:23:08 GMT+0200 (CEST) : 0 nouvelles annonces SwissLife
No node found for selector: [data-name="nb_pieces"][data-value="3"]
Wed Oct 18 2017 09:38:32 GMT+0200 (CEST) : 0 nouvelles annonces Crédit Agricole
Wed Oct 18 2017 09:38:42 GMT+0200 (CEST) : 0 nouvelles annonces SwissLife
No node found for selector: [data-name="nb_pieces"][data-value="3"]
Wed Oct 18 2017 09:54:01 GMT+0200 (CEST) : 0 nouvelles annonces Crédit Agricole
Wed Oct 18 2017 09:54:05 GMT+0200 (CEST) : 0 nouvelles annonces SwissLife
No node found for selector: [data-name="nb_pieces"][data-value="3"]
Wed Oct 18 2017 10:09:31 GMT+0200 (CEST) : 0 nouvelles annonces Crédit Agricole
Wed Oct 18 2017 10:09:39 GMT+0200 (CEST) : 0 nouvelles annonces SwissLife
No node found for selector: [data-name="nb_pieces"][data-value="3"]
Wed Oct 18 2017 10:25:03 GMT+0200 (CEST) : 0 nouvelles annonces Crédit Agricole
Wed Oct 18 2017 10:25:11 GMT+0200 (CEST) : 0 nouvelles annonces SwissLife
No node found for selector: [data-name="nb_pieces"][data-value="3"]
Wed Oct 18 2017 10:40:34 GMT+0200 (CEST) : 0 nouvelles annonces Crédit Agricole
Wed Oct 18 2017 10:40:39 GMT+0200 (CEST) : 0 nouvelles annonces SwissLife
No node found for selector: [data-name="nb_pieces"][data-value="3"]
Wed Oct 18 2017 10:56:03 GMT+0200 (CEST) : 0 nouvelles annonces Crédit Agricole
Wed Oct 18 2017 10:56:15 GMT+0200 (CEST) : 0 nouvelles annonces SwissLife
No node found for selector: [data-name="nb_pieces"][data-value="3"]
Wed Oct 18 2017 11:11:33 GMT+0200 (CEST) : 0 nouvelles annonces Crédit Agricole
Wed Oct 18 2017 11:11:42 GMT+0200 (CEST) : 0 nouvelles annonces SwissLife
No node found for selector: [data-name="nb_pieces"][data-value="3"]
Wed Oct 18 2017 11:27:04 GMT+0200 (CEST) : 0 nouvelles annonces Crédit Agricole
Wed Oct 18 2017 11:27:11 GMT+0200 (CEST) : 0 nouvelles annonces SwissLife
No node found for selector: [data-name="nb_pieces"][data-value="3"]
Wed Oct 18 2017 11:42:37 GMT+0200 (CEST) : 0 nouvelles annonces Crédit Agricole
Wed Oct 18 2017 11:42:44 GMT+0200 (CEST) : 0 nouvelles annonces SwissLife
No node found for selector: [data-name="nb_pieces"][data-value="3"]
Wed Oct 18 2017 11:58:09 GMT+0200 (CEST) : 0 nouvelles annonces Crédit Agricole
Wed Oct 18 2017 11:58:26 GMT+0200 (CEST) : 0 nouvelles annonces SwissLife
No node found for selector: [data-name="nb_pieces"][data-value="3"]
Wed Oct 18 2017 12:13:47 GMT+0200 (CEST) : 0 nouvelles annonces Crédit Agricole
Wed Oct 18 2017 12:13:55 GMT+0200 (CEST) : 0 nouvelles annonces SwissLife
No node found for selector: [data-name="nb_pieces"][data-value="3"]
Wed Oct 18 2017 12:29:12 GMT+0200 (CEST) : 0 nouvelles annonces Crédit Agricole
Wed Oct 18 2017 12:29:20 GMT+0200 (CEST) : 0 nouvelles annonces SwissLife
No node found for selector: [data-name="nb_pieces"][data-value="3"]
Wed Oct 18 2017 12:44:46 GMT+0200 (CEST) : 0 nouvelles annonces Crédit Agricole
Wed Oct 18 2017 12:44:52 GMT+0200 (CEST) : 0 nouvelles annonces SwissLife
No node found for selector: [data-name="nb_pieces"][data-value="3"]
Wed Oct 18 2017 13:00:15 GMT+0200 (CEST) : 0 nouvelles annonces Crédit Agricole
Wed Oct 18 2017 13:00:19 GMT+0200 (CEST) : 0 nouvelles annonces SwissLife
No node found for selector: [data-name="nb_pieces"][data-value="3"]
Wed Oct 18 2017 13:15:42 GMT+0200 (CEST) : 0 nouvelles annonces Crédit Agricole
Wed Oct 18 2017 13:15:48 GMT+0200 (CEST) : 0 nouvelles annonces SwissLife
No node found for selector: [data-name="nb_pieces"][data-value="3"]
Wed Oct 18 2017 13:31:08 GMT+0200 (CEST) : 0 nouvelles annonces Crédit Agricole
Wed Oct 18 2017 13:31:17 GMT+0200 (CEST) : 0 nouvelles annonces SwissLife
No node found for selector: [data-name="nb_pieces"][data-value="3"]
Wed Oct 18 2017 13:46:39 GMT+0200 (CEST) : 0 nouvelles annonces Crédit Agricole
Wed Oct 18 2017 13:46:49 GMT+0200 (CEST) : 0 nouvelles annonces SwissLife
No node found for selector: [data-name="nb_pieces"][data-value="3"]
Wed Oct 18 2017 14:02:10 GMT+0200 (CEST) : 0 nouvelles annonces Crédit Agricole
Wed Oct 18 2017 14:02:20 GMT+0200 (CEST) : 0 nouvelles annonces SwissLife
No node found for selector: [data-name="nb_pieces"][data-value="3"]
Wed Oct 18 2017 14:17:47 GMT+0200 (CEST) : 0 nouvelles annonces Crédit Agricole
Wed Oct 18 2017 14:17:54 GMT+0200 (CEST) : 0 nouvelles annonces SwissLife
No node found for selector: [data-name="nb_pieces"][data-value="3"]
Wed Oct 18 2017 14:33:15 GMT+0200 (CEST) : 0 nouvelles annonces Crédit Agricole
Wed Oct 18 2017 14:33:23 GMT+0200 (CEST) : 0 nouvelles annonces SwissLife
No node found for selector: [data-name="nb_pieces"][data-value="3"]
Wed Oct 18 2017 14:48:49 GMT+0200 (CEST) : 0 nouvelles annonces Crédit Agricole
Wed Oct 18 2017 14:48:57 GMT+0200 (CEST) : 0 nouvelles annonces SwissLife
No node found for selector: [data-name="nb_pieces"][data-value="3"]
Wed Oct 18 2017 15:04:21 GMT+0200 (CEST) : 0 nouvelles annonces Crédit Agricole
Wed Oct 18 2017 15:04:26 GMT+0200 (CEST) : 0 nouvelles annonces SwissLife
No node found for selector: [data-name="nb_pieces"][data-value="3"]
Wed Oct 18 2017 15:19:52 GMT+0200 (CEST) : 0 nouvelles annonces Crédit Agricole
Wed Oct 18 2017 15:19:58 GMT+0200 (CEST) : 0 nouvelles annonces SwissLife
No node found for selector: [data-name="nb_pieces"][data-value="3"]
Wed Oct 18 2017 15:35:30 GMT+0200 (CEST) : 0 nouvelles annonces Crédit Agricole
Wed Oct 18 2017 15:35:45 GMT+0200 (CEST) : 0 nouvelles annonces SwissLife
No node found for selector: [data-name="nb_pieces"][data-value="3"]
Wed Oct 18 2017 15:51:11 GMT+0200 (CEST) : 0 nouvelles annonces Crédit Agricole
Wed Oct 18 2017 15:51:21 GMT+0200 (CEST) : 0 nouvelles annonces SwissLife
No node found for selector: [data-name="nb_pieces"][data-value="3"]
Wed Oct 18 2017 16:06:41 GMT+0200 (CEST) : 0 nouvelles annonces Crédit Agricole
Wed Oct 18 2017 16:07:13 GMT+0200 (CEST) : 0 nouvelles annonces SwissLife
No node found for selector: [data-name="nb_pieces"][data-value="3"]
Wed Oct 18 2017 16:22:38 GMT+0200 (CEST) : 0 nouvelles annonces Crédit Agricole
Wed Oct 18 2017 16:22:45 GMT+0200 (CEST) : 0 nouvelles annonces SwissLife
No node found for selector: [data-name="nb_pieces"][data-value="3"]
Wed Oct 18 2017 16:38:13 GMT+0200 (CEST) : 0 nouvelles annonces Crédit Agricole
Wed Oct 18 2017 16:38:18 GMT+0200 (CEST) : 0 nouvelles annonces SwissLife
No node found for selector: [data-name="nb_pieces"][data-value="3"]
Wed Oct 18 2017 16:53:40 GMT+0200 (CEST) : 0 nouvelles annonces Crédit Agricole
Wed Oct 18 2017 16:53:49 GMT+0200 (CEST) : 0 nouvelles annonces SwissLife
No node found for selector: [data-name="nb_pieces"][data-value="3"]
Wed Oct 18 2017 17:09:15 GMT+0200 (CEST) : 0 nouvelles annonces Crédit Agricole
Wed Oct 18 2017 17:09:21 GMT+0200 (CEST) : 0 nouvelles annonces SwissLife
No node found for selector: [data-name="nb_pieces"][data-value="3"]
Wed Oct 18 2017 17:24:42 GMT+0200 (CEST) : 0 nouvelles annonces Crédit Agricole
Wed Oct 18 2017 17:24:56 GMT+0200 (CEST) : 0 nouvelles annonces SwissLife
No node found for selector: [data-name="nb_pieces"][data-value="3"]
Wed Oct 18 2017 17:40:23 GMT+0200 (CEST) : 0 nouvelles annonces Crédit Agricole
Wed Oct 18 2017 17:40:26 GMT+0200 (CEST) : 0 nouvelles annonces SwissLife
No node found for selector: [data-name="nb_pieces"][data-value="3"]
Wed Oct 18 2017 18:23:10 GMT+0200 (CEST) : 0 nouvelles annonces Crédit Agricole
Wed Oct 18 2017 18:23:22 GMT+0200 (CEST) : 0 nouvelles annonces SwissLife
No node found for selector: [data-name="nb_pieces"][data-value="3"]
Wed Oct 18 2017 18:38:37 GMT+0200 (CEST) : 0 nouvelles annonces Crédit Agricole
Wed Oct 18 2017 18:38:47 GMT+0200 (CEST) : 0 nouvelles annonces SwissLife
No node found for selector: [data-name="nb_pieces"][data-value="3"]
Wed Oct 18 2017 18:54:04 GMT+0200 (CEST) : 0 nouvelles annonces Crédit Agricole
Wed Oct 18 2017 18:54:14 GMT+0200 (CEST) : 0 nouvelles annonces SwissLife
No node found for selector: [data-name="nb_pieces"][data-value="3"]
Wed Oct 18 2017 23:15:54 GMT+0200 (CEST) : 0 nouvelles annonces Crédit Agricole
Wed Oct 18 2017 23:16:03 GMT+0200 (CEST) : 0 nouvelles annonces SwissLife
No node found for selector: [data-name="nb_pieces"][data-value="3"]
[37;41;1mCasperError: Errors encountered while filling form: form not found              [0m
  /Users/romain/Bots/phantomjs:/platform/casper.js:[33m873[0m in [36mfillForm[0m
  /Users/romain/Bots/phantomjs:/platform/casper.js:[33m936[0m in [36mfillNames[0m
  /Users/romain/Bots/phantomjs:/code/annonces-ca-immo.js:[33m24[0m
  /Users/romain/Bots/phantomjs:/platform/casper.js:[33m1685[0m in [36mrunStep[0m
  /Users/romain/Bots/phantomjs:/platform/casper.js:[33m414[0m in [36mcheckStep[0m
Thu Oct 19 2017 10:07:18 GMT+0200 (CEST) : 0 nouvelles annonces SwissLife
Failed to navigate: http://www.agencepereire.com/immobilier/pays/locations/france.htm
Thu Oct 19 2017 10:22:37 GMT+0200 (CEST) : 0 nouvelles annonces Crédit Agricole
Thu Oct 19 2017 10:22:43 GMT+0200 (CEST) : 10 nouvelles annonces SwissLife
No node found for selector: [data-name="nb_pieces"][data-value="3"]
Thu Oct 19 2017 10:38:02 GMT+0200 (CEST) : 0 nouvelles annonces Crédit Agricole
Thu Oct 19 2017 10:38:08 GMT+0200 (CEST) : 0 nouvelles annonces SwissLife
No node found for selector: [data-name="nb_pieces"][data-value="3"]
Thu Oct 19 2017 10:53:30 GMT+0200 (CEST) : 0 nouvelles annonces Crédit Agricole
Thu Oct 19 2017 10:53:35 GMT+0200 (CEST) : 0 nouvelles annonces SwissLife
No node found for selector: [data-name="nb_pieces"][data-value="3"]
Thu Oct 19 2017 11:08:57 GMT+0200 (CEST) : 0 nouvelles annonces Crédit Agricole
Thu Oct 19 2017 11:09:01 GMT+0200 (CEST) : 0 nouvelles annonces SwissLife
No node found for selector: [data-name="nb_pieces"][data-value="3"]
Thu Oct 19 2017 11:24:19 GMT+0200 (CEST) : 0 nouvelles annonces Crédit Agricole
Thu Oct 19 2017 11:25:37 GMT+0200 (CEST) : 0 nouvelles annonces SwissLife
No node found for selector: [data-name="nb_pieces"][data-value="3"]
Thu Oct 19 2017 11:40:56 GMT+0200 (CEST) : 0 nouvelles annonces Crédit Agricole
Thu Oct 19 2017 11:41:03 GMT+0200 (CEST) : 0 nouvelles annonces SwissLife
No node found for selector: [data-name="nb_pieces"][data-value="3"]
Thu Oct 19 2017 11:56:25 GMT+0200 (CEST) : 0 nouvelles annonces Crédit Agricole
Thu Oct 19 2017 11:56:35 GMT+0200 (CEST) : 0 nouvelles annonces SwissLife
No node found for selector: [data-name="nb_pieces"][data-value="3"]
Thu Oct 19 2017 12:11:51 GMT+0200 (CEST) : 0 nouvelles annonces Crédit Agricole
Thu Oct 19 2017 12:11:59 GMT+0200 (CEST) : 0 nouvelles annonces SwissLife
No node found for selector: [data-name="nb_pieces"][data-value="3"]
Thu Oct 19 2017 12:27:21 GMT+0200 (CEST) : 0 nouvelles annonces Crédit Agricole
Thu Oct 19 2017 12:27:23 GMT+0200 (CEST) : 0 nouvelles annonces SwissLife
No node found for selector: [data-name="nb_pieces"][data-value="3"]
Thu Oct 19 2017 12:42:51 GMT+0200 (CEST) : 0 nouvelles annonces Crédit Agricole
Thu Oct 19 2017 12:42:57 GMT+0200 (CEST) : 0 nouvelles annonces SwissLife
No node found for selector: [data-name="nb_pieces"][data-value="3"]
Thu Oct 19 2017 12:58:17 GMT+0200 (CEST) : 0 nouvelles annonces Crédit Agricole
Thu Oct 19 2017 12:58:26 GMT+0200 (CEST) : 0 nouvelles annonces SwissLife
No node found for selector: [data-name="nb_pieces"][data-value="3"]
Thu Oct 19 2017 13:13:52 GMT+0200 (CEST) : 0 nouvelles annonces Crédit Agricole
Thu Oct 19 2017 13:13:57 GMT+0200 (CEST) : 0 nouvelles annonces SwissLife
No node found for selector: [data-name="nb_pieces"][data-value="3"]
Thu Oct 19 2017 13:29:19 GMT+0200 (CEST) : 0 nouvelles annonces Crédit Agricole
Thu Oct 19 2017 13:29:25 GMT+0200 (CEST) : 0 nouvelles annonces SwissLife
No node found for selector: [data-name="nb_pieces"][data-value="3"]
Thu Oct 19 2017 13:44:47 GMT+0200 (CEST) : 0 nouvelles annonces Crédit Agricole
Thu Oct 19 2017 13:44:52 GMT+0200 (CEST) : 0 nouvelles annonces SwissLife
No node found for selector: [data-name="nb_pieces"][data-value="3"]
Thu Oct 19 2017 14:00:18 GMT+0200 (CEST) : 0 nouvelles annonces Crédit Agricole
Thu Oct 19 2017 14:00:27 GMT+0200 (CEST) : 0 nouvelles annonces SwissLife
No node found for selector: [data-name="nb_pieces"][data-value="3"]
Thu Oct 19 2017 14:15:52 GMT+0200 (CEST) : 0 nouvelles annonces Crédit Agricole
Thu Oct 19 2017 14:16:02 GMT+0200 (CEST) : 0 nouvelles annonces SwissLife
No node found for selector: [data-name="nb_pieces"][data-value="3"]
Thu Oct 19 2017 14:31:23 GMT+0200 (CEST) : 0 nouvelles annonces Crédit Agricole
Thu Oct 19 2017 14:31:30 GMT+0200 (CEST) : 0 nouvelles annonces SwissLife
No node found for selector: [data-name="nb_pieces"][data-value="3"]
Thu Oct 19 2017 14:46:55 GMT+0200 (CEST) : 0 nouvelles annonces Crédit Agricole
Thu Oct 19 2017 14:47:09 GMT+0200 (CEST) : 0 nouvelles annonces SwissLife
No node found for selector: [data-name="nb_pieces"][data-value="3"]
Thu Oct 19 2017 15:02:36 GMT+0200 (CEST) : 0 nouvelles annonces Crédit Agricole
Thu Oct 19 2017 15:02:49 GMT+0200 (CEST) : 0 nouvelles annonces SwissLife
No node found for selector: [data-name="nb_pieces"][data-value="3"]
Thu Oct 19 2017 15:18:10 GMT+0200 (CEST) : 0 nouvelles annonces Crédit Agricole
Thu Oct 19 2017 15:18:14 GMT+0200 (CEST) : 0 nouvelles annonces SwissLife
No node found for selector: [data-name="nb_pieces"][data-value="3"]
Thu Oct 19 2017 15:33:38 GMT+0200 (CEST) : 0 nouvelles annonces Crédit Agricole
Thu Oct 19 2017 15:33:50 GMT+0200 (CEST) : 0 nouvelles annonces SwissLife
No node found for selector: [data-name="nb_pieces"][data-value="3"]
Thu Oct 19 2017 15:49:08 GMT+0200 (CEST) : 0 nouvelles annonces Crédit Agricole
Thu Oct 19 2017 15:49:18 GMT+0200 (CEST) : 1 nouvelles annonces SwissLife
No node found for selector: [data-name="nb_pieces"][data-value="3"]
Thu Oct 19 2017 16:04:41 GMT+0200 (CEST) : 0 nouvelles annonces Crédit Agricole
Thu Oct 19 2017 16:04:54 GMT+0200 (CEST) : 1 nouvelles annonces SwissLife
No node found for selector: [data-name="nb_pieces"][data-value="3"]
Thu Oct 19 2017 16:20:21 GMT+0200 (CEST) : 0 nouvelles annonces Crédit Agricole
Thu Oct 19 2017 16:20:29 GMT+0200 (CEST) : 0 nouvelles annonces SwissLife
No node found for selector: [data-name="nb_pieces"][data-value="3"]
Thu Oct 19 2017 16:35:56 GMT+0200 (CEST) : 0 nouvelles annonces Crédit Agricole
Thu Oct 19 2017 16:36:06 GMT+0200 (CEST) : 1 nouvelles annonces SwissLife
No node found for selector: [data-name="nb_pieces"][data-value="3"]
Thu Oct 19 2017 16:51:26 GMT+0200 (CEST) : 0 nouvelles annonces Crédit Agricole
Thu Oct 19 2017 16:51:36 GMT+0200 (CEST) : 0 nouvelles annonces SwissLife
No node found for selector: [data-name="nb_pieces"][data-value="3"]
Thu Oct 19 2017 17:06:58 GMT+0200 (CEST) : 0 nouvelles annonces Crédit Agricole
Thu Oct 19 2017 17:07:06 GMT+0200 (CEST) : 0 nouvelles annonces SwissLife
No node found for selector: [data-name="nb_pieces"][data-value="3"]
Thu Oct 19 2017 17:22:29 GMT+0200 (CEST) : 0 nouvelles annonces Crédit Agricole
Thu Oct 19 2017 17:22:34 GMT+0200 (CEST) : 0 nouvelles annonces SwissLife
No node found for selector: [data-name="nb_pieces"][data-value="3"]
Thu Oct 19 2017 17:56:09 GMT+0200 (CEST) : 0 nouvelles annonces Crédit Agricole
Thu Oct 19 2017 17:56:23 GMT+0200 (CEST) : 0 nouvelles annonces SwissLife
No node found for selector: [data-name="nb_pieces"][data-value="3"]
Thu Oct 19 2017 18:11:43 GMT+0200 (CEST) : 0 nouvelles annonces Crédit Agricole
Thu Oct 19 2017 18:11:51 GMT+0200 (CEST) : 0 nouvelles annonces SwissLife
No node found for selector: [data-name="nb_pieces"][data-value="3"]
Thu Oct 19 2017 18:27:11 GMT+0200 (CEST) : 0 nouvelles annonces Crédit Agricole
Thu Oct 19 2017 18:27:19 GMT+0200 (CEST) : 0 nouvelles annonces SwissLife
No node found for selector: [data-name="nb_pieces"][data-value="3"]
Thu Oct 19 2017 18:42:42 GMT+0200 (CEST) : 0 nouvelles annonces Crédit Agricole
Thu Oct 19 2017 18:42:54 GMT+0200 (CEST) : 0 nouvelles annonces SwissLife
No node found for selector: [data-name="nb_pieces"][data-value="3"]
Thu Oct 19 2017 18:58:14 GMT+0200 (CEST) : 0 nouvelles annonces Crédit Agricole
Thu Oct 19 2017 18:58:25 GMT+0200 (CEST) : 0 nouvelles annonces SwissLife
No node found for selector: [data-name="nb_pieces"][data-value="3"]
Thu Oct 19 2017 19:13:42 GMT+0200 (CEST) : 0 nouvelles annonces Crédit Agricole
Thu Oct 19 2017 19:13:50 GMT+0200 (CEST) : 0 nouvelles annonces SwissLife
No node found for selector: [data-name="nb_pieces"][data-value="3"]
Thu Oct 19 2017 19:29:09 GMT+0200 (CEST) : 0 nouvelles annonces Crédit Agricole
Thu Oct 19 2017 19:29:18 GMT+0200 (CEST) : 0 nouvelles annonces SwissLife
No node found for selector: [data-name="nb_pieces"][data-value="3"]
Thu Oct 19 2017 19:44:34 GMT+0200 (CEST) : 0 nouvelles annonces Crédit Agricole
Thu Oct 19 2017 19:44:48 GMT+0200 (CEST) : 0 nouvelles annonces SwissLife
No node found for selector: [data-name="nb_pieces"][data-value="3"]
Thu Oct 19 2017 20:00:13 GMT+0200 (CEST) : 0 nouvelles annonces Crédit Agricole
Thu Oct 19 2017 20:00:20 GMT+0200 (CEST) : 0 nouvelles annonces SwissLife
No node found for selector: [data-name="nb_pieces"][data-value="3"]
Thu Oct 19 2017 20:15:39 GMT+0200 (CEST) : 0 nouvelles annonces Crédit Agricole
Thu Oct 19 2017 20:15:47 GMT+0200 (CEST) : 0 nouvelles annonces SwissLife
No node found for selector: [data-name="nb_pieces"][data-value="3"]
Thu Oct 19 2017 20:31:03 GMT+0200 (CEST) : 0 nouvelles annonces Crédit Agricole
Thu Oct 19 2017 20:31:13 GMT+0200 (CEST) : 0 nouvelles annonces SwissLife
No node found for selector: [data-name="nb_pieces"][data-value="3"]
Thu Oct 19 2017 20:46:27 GMT+0200 (CEST) : 0 nouvelles annonces Crédit Agricole
Thu Oct 19 2017 20:46:37 GMT+0200 (CEST) : 0 nouvelles annonces SwissLife
No node found for selector: [data-name="nb_pieces"][data-value="3"]
Thu Oct 19 2017 21:01:59 GMT+0200 (CEST) : 0 nouvelles annonces Crédit Agricole
Thu Oct 19 2017 21:02:06 GMT+0200 (CEST) : 0 nouvelles annonces SwissLife
No node found for selector: [data-name="nb_pieces"][data-value="3"]
Thu Oct 19 2017 21:17:25 GMT+0200 (CEST) : 0 nouvelles annonces Crédit Agricole
Thu Oct 19 2017 21:17:35 GMT+0200 (CEST) : 0 nouvelles annonces SwissLife
No node found for selector: [data-name="nb_pieces"][data-value="3"]
Thu Oct 19 2017 21:32:57 GMT+0200 (CEST) : 0 nouvelles annonces Crédit Agricole
Thu Oct 19 2017 21:33:06 GMT+0200 (CEST) : 0 nouvelles annonces SwissLife
No node found for selector: [data-name="nb_pieces"][data-value="3"]
Fri Oct 20 2017 09:10:03 GMT+0200 (CEST) : 0 nouvelles annonces Crédit Agricole
Fri Oct 20 2017 09:10:14 GMT+0200 (CEST) : 0 nouvelles annonces SwissLife
No node found for selector: [data-name="nb_pieces"][data-value="3"]
Fri Oct 20 2017 09:25:31 GMT+0200 (CEST) : 0 nouvelles annonces Crédit Agricole
Fri Oct 20 2017 09:25:38 GMT+0200 (CEST) : 0 nouvelles annonces SwissLife
No node found for selector: [data-name="nb_pieces"][data-value="3"]
Fri Oct 20 2017 09:40:57 GMT+0200 (CEST) : 0 nouvelles annonces Crédit Agricole
Fri Oct 20 2017 09:41:04 GMT+0200 (CEST) : 0 nouvelles annonces SwissLife
No node found for selector: [data-name="nb_pieces"][data-value="3"]
Fri Oct 20 2017 09:56:22 GMT+0200 (CEST) : 0 nouvelles annonces Crédit Agricole
Fri Oct 20 2017 09:56:27 GMT+0200 (CEST) : 0 nouvelles annonces SwissLife
No node found for selector: [data-name="nb_pieces"][data-value="3"]
Fri Oct 20 2017 10:11:45 GMT+0200 (CEST) : 0 nouvelles annonces Crédit Agricole
Fri Oct 20 2017 10:11:53 GMT+0200 (CEST) : 0 nouvelles annonces SwissLife
No node found for selector: [data-name="nb_pieces"][data-value="3"]
Fri Oct 20 2017 10:27:15 GMT+0200 (CEST) : 0 nouvelles annonces Crédit Agricole
Fri Oct 20 2017 10:27:21 GMT+0200 (CEST) : 0 nouvelles annonces SwissLife
No node found for selector: [data-name="nb_pieces"][data-value="3"]
Fri Oct 20 2017 10:42:41 GMT+0200 (CEST) : 0 nouvelles annonces Crédit Agricole
Fri Oct 20 2017 10:42:52 GMT+0200 (CEST) : 0 nouvelles annonces SwissLife
No node found for selector: [data-name="nb_pieces"][data-value="3"]
Fri Oct 20 2017 10:58:08 GMT+0200 (CEST) : 0 nouvelles annonces Crédit Agricole
Fri Oct 20 2017 10:58:17 GMT+0200 (CEST) : 0 nouvelles annonces SwissLife
No node found for selector: [data-name="nb_pieces"][data-value="3"]
Fri Oct 20 2017 11:13:39 GMT+0200 (CEST) : 0 nouvelles annonces Crédit Agricole
Fri Oct 20 2017 11:14:22 GMT+0200 (CEST) : 0 nouvelles annonces SwissLife
No node found for selector: [data-name="nb_pieces"][data-value="3"]
Fri Oct 20 2017 11:29:44 GMT+0200 (CEST) : 0 nouvelles annonces Crédit Agricole
Fri Oct 20 2017 11:29:57 GMT+0200 (CEST) : 0 nouvelles annonces SwissLife
No node found for selector: [data-name="nb_pieces"][data-value="3"]
Fri Oct 20 2017 11:45:27 GMT+0200 (CEST) : 0 nouvelles annonces Crédit Agricole
Fri Oct 20 2017 11:45:36 GMT+0200 (CEST) : 0 nouvelles annonces SwissLife
No node found for selector: [data-name="nb_pieces"][data-value="3"]
Fri Oct 20 2017 12:00:50 GMT+0200 (CEST) : 0 nouvelles annonces Crédit Agricole
Fri Oct 20 2017 12:01:03 GMT+0200 (CEST) : 0 nouvelles annonces SwissLife
No node found for selector: [data-name="nb_pieces"][data-value="3"]
Fri Oct 20 2017 12:16:25 GMT+0200 (CEST) : 0 nouvelles annonces Crédit Agricole
Fri Oct 20 2017 12:16:31 GMT+0200 (CEST) : 0 nouvelles annonces SwissLife
No node found for selector: [data-name="nb_pieces"][data-value="3"]
Fri Oct 20 2017 12:31:50 GMT+0200 (CEST) : 0 nouvelles annonces Crédit Agricole
Fri Oct 20 2017 12:31:53 GMT+0200 (CEST) : 0 nouvelles annonces SwissLife
No node found for selector: [data-name="nb_pieces"][data-value="3"]
Fri Oct 20 2017 12:47:11 GMT+0200 (CEST) : 0 nouvelles annonces Crédit Agricole
Fri Oct 20 2017 12:47:19 GMT+0200 (CEST) : 0 nouvelles annonces SwissLife
No node found for selector: [data-name="nb_pieces"][data-value="3"]
Fri Oct 20 2017 13:02:40 GMT+0200 (CEST) : 0 nouvelles annonces Crédit Agricole
Fri Oct 20 2017 13:02:44 GMT+0200 (CEST) : 0 nouvelles annonces SwissLife
No node found for selector: [data-name="nb_pieces"][data-value="3"]
Fri Oct 20 2017 13:18:04 GMT+0200 (CEST) : 0 nouvelles annonces Crédit Agricole
Fri Oct 20 2017 13:18:08 GMT+0200 (CEST) : 0 nouvelles annonces SwissLife
No node found for selector: [data-name="nb_pieces"][data-value="3"]
Fri Oct 20 2017 13:33:27 GMT+0200 (CEST) : 0 nouvelles annonces Crédit Agricole
Fri Oct 20 2017 13:33:31 GMT+0200 (CEST) : 0 nouvelles annonces SwissLife
No node found for selector: [data-name="nb_pieces"][data-value="3"]
Fri Oct 20 2017 13:48:48 GMT+0200 (CEST) : 0 nouvelles annonces Crédit Agricole
Fri Oct 20 2017 13:48:52 GMT+0200 (CEST) : 0 nouvelles annonces SwissLife
No node found for selector: [data-name="nb_pieces"][data-value="3"]
Fri Oct 20 2017 14:04:15 GMT+0200 (CEST) : 0 nouvelles annonces Crédit Agricole
Fri Oct 20 2017 14:04:18 GMT+0200 (CEST) : 0 nouvelles annonces SwissLife
No node found for selector: [data-name="nb_pieces"][data-value="3"]
Fri Oct 20 2017 14:19:37 GMT+0200 (CEST) : 0 nouvelles annonces Crédit Agricole
Fri Oct 20 2017 14:19:45 GMT+0200 (CEST) : 0 nouvelles annonces SwissLife
No node found for selector: [data-name="nb_pieces"][data-value="3"]
Fri Oct 20 2017 14:35:03 GMT+0200 (CEST) : 0 nouvelles annonces Crédit Agricole
Fri Oct 20 2017 14:35:10 GMT+0200 (CEST) : 0 nouvelles annonces SwissLife
No node found for selector: [data-name="nb_pieces"][data-value="3"]
Fri Oct 20 2017 14:50:27 GMT+0200 (CEST) : 0 nouvelles annonces Crédit Agricole
Fri Oct 20 2017 14:50:46 GMT+0200 (CEST) : 0 nouvelles annonces SwissLife
No node found for selector: [data-name="nb_pieces"][data-value="3"]
Fri Oct 20 2017 15:06:06 GMT+0200 (CEST) : 0 nouvelles annonces Crédit Agricole
Fri Oct 20 2017 15:06:16 GMT+0200 (CEST) : 0 nouvelles annonces SwissLife
No node found for selector: [data-name="nb_pieces"][data-value="3"]
Fri Oct 20 2017 15:21:36 GMT+0200 (CEST) : 0 nouvelles annonces Crédit Agricole
Fri Oct 20 2017 15:21:41 GMT+0200 (CEST) : 0 nouvelles annonces SwissLife
No node found for selector: [data-name="nb_pieces"][data-value="3"]
Fri Oct 20 2017 15:37:09 GMT+0200 (CEST) : 0 nouvelles annonces Crédit Agricole
Fri Oct 20 2017 15:37:15 GMT+0200 (CEST) : 0 nouvelles annonces SwissLife
No node found for selector: [data-name="nb_pieces"][data-value="3"]
Fri Oct 20 2017 15:52:33 GMT+0200 (CEST) : 0 nouvelles annonces Crédit Agricole
Fri Oct 20 2017 15:52:44 GMT+0200 (CEST) : 0 nouvelles annonces SwissLife
No node found for selector: [data-name="nb_pieces"][data-value="3"]
Fri Oct 20 2017 16:08:01 GMT+0200 (CEST) : 0 nouvelles annonces Crédit Agricole
Fri Oct 20 2017 16:08:09 GMT+0200 (CEST) : 0 nouvelles annonces SwissLife
No node found for selector: [data-name="nb_pieces"][data-value="3"]
Fri Oct 20 2017 16:23:34 GMT+0200 (CEST) : 0 nouvelles annonces Crédit Agricole
Fri Oct 20 2017 16:23:39 GMT+0200 (CEST) : 0 nouvelles annonces SwissLife
No node found for selector: [data-name="nb_pieces"][data-value="3"]
Fri Oct 20 2017 16:38:59 GMT+0200 (CEST) : 0 nouvelles annonces Crédit Agricole
Fri Oct 20 2017 16:39:05 GMT+0200 (CEST) : 0 nouvelles annonces SwissLife
No node found for selector: [data-name="nb_pieces"][data-value="3"]
Fri Oct 20 2017 16:54:23 GMT+0200 (CEST) : 0 nouvelles annonces Crédit Agricole
Fri Oct 20 2017 16:54:30 GMT+0200 (CEST) : 0 nouvelles annonces SwissLife
No node found for selector: [data-name="nb_pieces"][data-value="3"]
Fri Oct 20 2017 17:38:16 GMT+0200 (CEST) : 0 nouvelles annonces Crédit Agricole
Fri Oct 20 2017 17:38:25 GMT+0200 (CEST) : 0 nouvelles annonces SwissLife
No node found for selector: [data-name="nb_pieces"][data-value="3"]
Fri Oct 20 2017 17:53:43 GMT+0200 (CEST) : 0 nouvelles annonces Crédit Agricole
Fri Oct 20 2017 17:54:21 GMT+0200 (CEST) : 0 nouvelles annonces SwissLife
No node found for selector: [data-name="nb_pieces"][data-value="3"]
Fri Oct 20 2017 18:09:52 GMT+0200 (CEST) : 0 nouvelles annonces Crédit Agricole
Fri Oct 20 2017 18:10:25 GMT+0200 (CEST) : 0 nouvelles annonces SwissLife
No node found for selector: [data-name="nb_pieces"][data-value="3"]
Fri Oct 20 2017 18:25:58 GMT+0200 (CEST) : 0 nouvelles annonces Crédit Agricole
Fri Oct 20 2017 18:26:19 GMT+0200 (CEST) : 0 nouvelles annonces SwissLife
No node found for selector: [data-name="nb_pieces"][data-value="3"]
Fri Oct 20 2017 18:41:52 GMT+0200 (CEST) : 0 nouvelles annonces Crédit Agricole
Fri Oct 20 2017 18:42:28 GMT+0200 (CEST) : 0 nouvelles annonces SwissLife
No node found for selector: [data-name="nb_pieces"][data-value="3"]
Fri Oct 20 2017 18:58:00 GMT+0200 (CEST) : 0 nouvelles annonces Crédit Agricole
Fri Oct 20 2017 18:58:53 GMT+0200 (CEST) : 0 nouvelles annonces SwissLife
No node found for selector: [data-name="nb_pieces"][data-value="3"]
Fri Oct 20 2017 19:15:00 GMT+0200 (CEST) : 0 nouvelles annonces Crédit Agricole
Fri Oct 20 2017 19:17:01 GMT+0200 (CEST) : 0 nouvelles annonces SwissLife
No node found for selector: [data-name="nb_pieces"][data-value="3"]
Fri Oct 20 2017 20:09:36 GMT+0200 (CEST) : 0 nouvelles annonces Crédit Agricole
Fri Oct 20 2017 20:09:51 GMT+0200 (CEST) : 0 nouvelles annonces SwissLife
No node found for selector: [data-name="nb_pieces"][data-value="3"]
Sat Oct 21 2017 14:02:28 GMT+0200 (CEST) : 1 nouvelles annonces Crédit Agricole
Sat Oct 21 2017 14:02:40 GMT+0200 (CEST) : 0 nouvelles annonces SwissLife
No node found for selector: [data-name="nb_pieces"][data-value="3"]
Sat Oct 21 2017 15:03:15 GMT+0200 (CEST) : 0 nouvelles annonces Crédit Agricole
Sat Oct 21 2017 15:03:43 GMT+0200 (CEST) : 0 nouvelles annonces SwissLife
No node found for selector: [data-name="nb_pieces"][data-value="3"]
Sat Oct 21 2017 15:19:01 GMT+0200 (CEST) : 0 nouvelles annonces Crédit Agricole
Sat Oct 21 2017 15:19:16 GMT+0200 (CEST) : 0 nouvelles annonces SwissLife
No node found for selector: [data-name="nb_pieces"][data-value="3"]
Sat Oct 21 2017 15:34:33 GMT+0200 (CEST) : 0 nouvelles annonces Crédit Agricole
Sat Oct 21 2017 15:34:50 GMT+0200 (CEST) : 0 nouvelles annonces SwissLife
No node found for selector: [data-name="nb_pieces"][data-value="3"]
Sat Oct 21 2017 18:08:38 GMT+0200 (CEST) : 0 nouvelles annonces Crédit Agricole
Sat Oct 21 2017 18:08:55 GMT+0200 (CEST) : 0 nouvelles annonces SwissLife
No node found for selector: [data-name="nb_pieces"][data-value="3"]
Sat Oct 21 2017 18:24:14 GMT+0200 (CEST) : 0 nouvelles annonces Crédit Agricole
Sat Oct 21 2017 18:24:25 GMT+0200 (CEST) : 0 nouvelles annonces SwissLife
No node found for selector: [data-name="nb_pieces"][data-value="3"]
Sat Oct 21 2017 18:39:41 GMT+0200 (CEST) : 0 nouvelles annonces Crédit Agricole
Sat Oct 21 2017 18:39:46 GMT+0200 (CEST) : 0 nouvelles annonces SwissLife
No node found for selector: [data-name="nb_pieces"][data-value="3"]
Sun Oct 22 2017 12:11:51 GMT+0200 (CEST) : 0 nouvelles annonces Crédit Agricole
Sun Oct 22 2017 12:12:04 GMT+0200 (CEST) : 0 nouvelles annonces SwissLife
No node found for selector: [data-name="nb_pieces"][data-value="3"]
Sun Oct 22 2017 12:27:23 GMT+0200 (CEST) : 0 nouvelles annonces Crédit Agricole
Sun Oct 22 2017 12:27:38 GMT+0200 (CEST) : 0 nouvelles annonces SwissLife
No node found for selector: [data-name="nb_pieces"][data-value="3"]
Sun Oct 22 2017 14:33:04 GMT+0200 (CEST) : 0 nouvelles annonces Crédit Agricole
