(node:4083) UnhandledPromiseRejectionWarning: Unhandled promise rejection (rejection id: 1): Error: Failed to navigate: http://www.agencepereire.com/immobilier/pays/locations/france.htm
(node:4083) [DEP0018] DeprecationWarning: Unhandled promise rejections are deprecated. In the future, promise rejections that are not handled will terminate the Node.js process with a non-zero exit code.
(node:50045) UnhandledPromiseRejectionWarning: Unhandled promise rejection (rejection id: 1): Error: Navigation Timeout Exceeded: 30000ms exceeded
(node:50045) [DEP0018] DeprecationWarning: Unhandled promise rejections are deprecated. In the future, promise rejections that are not handled will terminate the Node.js process with a non-zero exit code.
internal/process.js:188
      throw util._errnoException(err, 'kill');
      ^

Error: kill ESRCH
    at Object._errnoException (util.js:1026:11)
    at process.kill (internal/process.js:188:18)
    at process.killChrome (/Users/romain/Bots/node_modules/puppeteer/lib/Launcher.js:122:19)
    at emitOne (events.js:115:13)
    at process.emit (events.js:210:7)
(node:9387) UnhandledPromiseRejectionWarning: Unhandled promise rejection (rejection id: 1): Error: Failed to navigate: http://www.agencepereire.com/immobilier/pays/locations/france.htm
(node:9387) [DEP0018] DeprecationWarning: Unhandled promise rejections are deprecated. In the future, promise rejections that are not handled will terminate the Node.js process with a non-zero exit code.
internal/process.js:188
      throw util._errnoException(err, 'kill');
      ^

Error: kill ESRCH
    at Object._errnoException (util.js:1026:11)
    at process.kill (internal/process.js:188:18)
    at process.killChrome (/Users/romain/Bots/node_modules/puppeteer/lib/Launcher.js:122:19)
    at emitOne (events.js:115:13)
    at process.emit (events.js:210:7)
(node:2860) UnhandledPromiseRejectionWarning: Unhandled promise rejection (rejection id: 1): AssertionError [ERR_ASSERTION]: No node found for selector: [data-name="nb_pieces"][data-value="3"]
(node:2860) [DEP0018] DeprecationWarning: Unhandled promise rejections are deprecated. In the future, promise rejections that are not handled will terminate the Node.js process with a non-zero exit code.
